#
# There is insufficient memory for the Java Runtime Environment to continue.
# Native memory allocation (mmap) failed to map 264241152 bytes for Failed to commit area from 0x0000000704200000 to 0x0000000713e00000 of length 264241152.
# Possible reasons:
#   The system is out of physical RAM or swap space
#   The process is running with CompressedOops enabled, and the Java Heap may be blocking the growth of the native heap
# Possible solutions:
#   Reduce memory load on the system
#   Increase physical memory or swap space
#   Check if swap backing store is full
#   Decrease Java heap size (-Xmx/-Xms)
#   Decrease number of Java threads
#   Decrease Java thread stack sizes (-Xss)
#   Set larger code cache with -XX:ReservedCodeCacheSize=
# This output file may be truncated or incomplete.
#
#  Out of Memory Error (./src/hotspot/os/windows/os_windows.cpp:3301), pid=26444, tid=21168
#
# JRE version:  (11.0.10+9) (build )
# Java VM: OpenJDK 64-Bit Server VM (11.0.10+9, mixed mode, sharing, tiered, compressed oops, g1 gc, windows-amd64)
# No core dump will be written. Minidumps are not enabled by default on client versions of Windows
#

---------------  S U M M A R Y ------------

Command Line: -javaagent:C:\Program Files\JetBrains\IntelliJ IDEA Community Edition 2020.3.2\lib\idea_rt.jar=57017:C:\Program Files\JetBrains\IntelliJ IDEA Community Edition 2020.3.2\bin -Dfile.encoding=UTF-8 com.techelevator.LinearConvert

Host: 11th Gen Intel(R) Core(TM) i7-1185G7 @ 3.00GHz, 8 cores, 15G,  Windows 10 , 64 bit Build 19041 (10.0.19041.1151)
Time: Sun Sep 19 17:00:44 2021 Eastern Daylight Time elapsed time: 0.015394 seconds (0d 0h 0m 0s)

---------------  T H R E A D  ---------------

Current thread (0x000001f4c812a000):  JavaThread "Unknown thread" [_thread_in_vm, id=21168, stack(0x000000baef400000,0x000000baef500000)]

Stack: [0x000000baef400000,0x000000baef500000]
Native frames: (J=compiled Java code, j=interpreted, Vv=VM code, C=native code)
V  [jvm.dll+0x5f35ea]
V  [jvm.dll+0x77c65e]
V  [jvm.dll+0x77dd2f]
V  [jvm.dll+0x77e3f3]
V  [jvm.dll+0x246c38]
V  [jvm.dll+0x5f079a]
V  [jvm.dll+0x5e53c5]
V  [jvm.dll+0x2fba4c]
V  [jvm.dll+0x2fb8d2]
V  [jvm.dll+0x300586]
V  [jvm.dll+0x344cff]
V  [jvm.dll+0x344730]
V  [jvm.dll+0x2d8cb8]
V  [jvm.dll+0x2d9e06]
V  [jvm.dll+0x757c77]
V  [jvm.dll+0x7593ff]
V  [jvm.dll+0x351a59]
V  [jvm.dll+0x73aea0]
V  [jvm.dll+0x3b929f]
V  [jvm.dll+0x3bb7a1]
C  [jli.dll+0x520b]
C  [ucrtbase.dll+0x21bb2]
C  [KERNEL32.DLL+0x17034]
C  [ntdll.dll+0x52651]


---------------  P R O C E S S  ---------------

Threads class SMR info:
_java_thread_list=0x000001f4c7ee3c90, length=0, elements={
}

Java Threads: ( => current thread )

Other Threads:
  0x000001f4c8141800 GCTaskThread "GC Thread#0" [stack: 0x000000baef500000,0x000000baef600000] [id=5260]
  0x000001f4c819b000 ConcurrentGCThread "G1 Main Marker" [stack: 0x000000baef600000,0x000000baef700000] [id=22024]
  0x000001f4c819e000 ConcurrentGCThread "G1 Conc#0" [stack: 0x000000baef700000,0x000000baef800000] [id=18844]

[error occurred during error reporting (printing all threads), id 0xc0000005, EXCEPTION_ACCESS_VIOLATION (0xc0000005) at pc=0x00007ffdcb3f8337]

VM state:not at safepoint (not fully initialized)

VM Mutex/Monitor currently owned by a thread:  ([mutex/lock_event])
[0x000001f4c8125600] Heap_lock - owner thread: 0x000001f4c812a000

Heap address: 0x0000000704200000, size: 4030 MB, Compressed Oops mode: Non-zero based: 0x0000000704200000
Narrow klass base: 0x0000000000000000, Narrow klass shift: 0

GC Heap History (0 events):
No events

Deoptimization events (0 events):
No events

Classes redefined (0 events):
No events

Internal exceptions (0 events):
No events

Events (1 events):
Event: 0.007 Loaded shared library C:\Program Files\OpenJDK\jdk-11.0.10+9\bin\zip.dll


Dynamic libraries:
0x00007ff7fe170000 - 0x00007ff7fe17d000 	C:\Program Files\OpenJDK\jdk-11.0.10+9\bin\java.exe
0x00007ffe1e930000 - 0x00007ffe1eb25000 	C:\WINDOWS\SYSTEM32\ntdll.dll
0x00007ffe1df70000 - 0x00007ffe1e02d000 	C:\WINDOWS\System32\KERNEL32.DLL
0x00007ffe1c4d0000 - 0x00007ffe1c799000 	C:\WINDOWS\System32\KERNELBASE.dll
0x00007ffe1c330000 - 0x00007ffe1c430000 	C:\WINDOWS\System32\ucrtbase.dll
0x00007ffe0d510000 - 0x00007ffe0d527000 	C:\Program Files\OpenJDK\jdk-11.0.10+9\bin\jli.dll
0x00007ffe1d180000 - 0x00007ffe1d320000 	C:\WINDOWS\System32\USER32.dll
0x00007ffe1c7a0000 - 0x00007ffe1c7c2000 	C:\WINDOWS\System32\win32u.dll
0x00007ffe04080000 - 0x00007ffe0431a000 	C:\WINDOWS\WinSxS\amd64_microsoft.windows.common-controls_6595b64144ccf1df_6.0.19041.1110_none_60b5254171f9507e\COMCTL32.dll
0x00007ffe0ad30000 - 0x00007ffe0ad45000 	C:\Program Files\OpenJDK\jdk-11.0.10+9\bin\VCRUNTIME140.dll
0x00007ffe1d0b0000 - 0x00007ffe1d0da000 	C:\WINDOWS\System32\GDI32.dll
0x00007ffe1d0e0000 - 0x00007ffe1d17e000 	C:\WINDOWS\System32\msvcrt.dll
0x00007ffe1c220000 - 0x00007ffe1c32b000 	C:\WINDOWS\System32\gdi32full.dll
0x00007ffe1c430000 - 0x00007ffe1c4cd000 	C:\WINDOWS\System32\msvcp_win.dll
0x00007ffe1ca30000 - 0x00007ffe1ca60000 	C:\WINDOWS\System32\IMM32.DLL
0x00007ffdeff60000 - 0x00007ffdefffb000 	C:\Program Files\OpenJDK\jdk-11.0.10+9\bin\msvcp140.dll
0x00007ffdcb110000 - 0x00007ffdcbc53000 	C:\Program Files\OpenJDK\jdk-11.0.10+9\bin\server\jvm.dll
0x00007ffe1d3a0000 - 0x00007ffe1d44c000 	C:\WINDOWS\System32\ADVAPI32.dll
0x00007ffe1cfb0000 - 0x00007ffe1d04b000 	C:\WINDOWS\System32\sechost.dll
0x00007ffe1dd90000 - 0x00007ffe1deba000 	C:\WINDOWS\System32\RPCRT4.dll
0x00007ffe1cb10000 - 0x00007ffe1cb18000 	C:\WINDOWS\System32\PSAPI.DLL
0x00007ffdf4d00000 - 0x00007ffdf4d27000 	C:\WINDOWS\SYSTEM32\WINMM.dll
0x00007ffe027b0000 - 0x00007ffe027b9000 	C:\WINDOWS\SYSTEM32\WSOCK32.dll
0x00007ffe0c7f0000 - 0x00007ffe0c7fa000 	C:\WINDOWS\SYSTEM32\VERSION.dll
0x00007ffe1dcc0000 - 0x00007ffe1dd2b000 	C:\WINDOWS\System32\WS2_32.dll
0x00007ffe1a8f0000 - 0x00007ffe1a902000 	C:\WINDOWS\SYSTEM32\kernel.appcore.dll
0x00007ffe0e490000 - 0x00007ffe0e4a0000 	C:\Program Files\OpenJDK\jdk-11.0.10+9\bin\verify.dll
0x00007ffe19c90000 - 0x00007ffe19e74000 	C:\WINDOWS\SYSTEM32\DBGHELP.DLL
0x00007ffe0a260000 - 0x00007ffe0a28c000 	C:\WINDOWS\SYSTEM32\dbgcore.DLL
0x00007ffe1c0b0000 - 0x00007ffe1c133000 	C:\WINDOWS\System32\bcryptPrimitives.dll
0x00007ffe0acc0000 - 0x00007ffe0ace8000 	C:\Program Files\OpenJDK\jdk-11.0.10+9\bin\java.dll
0x00007ffe0d3b0000 - 0x00007ffe0d3ba000 	C:\Program Files\OpenJDK\jdk-11.0.10+9\bin\jimage.dll
0x00007ffe13720000 - 0x00007ffe1372e000 	C:\Program Files\OpenJDK\jdk-11.0.10+9\bin\instrument.dll
0x00007ffe0aca0000 - 0x00007ffe0acb7000 	C:\Program Files\OpenJDK\jdk-11.0.10+9\bin\zip.dll

dbghelp: loaded successfully - version: 4.0.5 - missing functions: none
symbol engine: initialized successfully - sym options: 0x614 - pdb path: .;C:\Program Files\OpenJDK\jdk-11.0.10+9\bin;C:\WINDOWS\SYSTEM32;C:\WINDOWS\WinSxS\amd64_microsoft.windows.common-controls_6595b64144ccf1df_6.0.19041.1110_none_60b5254171f9507e;C:\Program Files\OpenJDK\jdk-11.0.10+9\bin\server

VM Arguments:
jvm_args: -javaagent:C:\Program Files\JetBrains\IntelliJ IDEA Community Edition 2020.3.2\lib\idea_rt.jar=57017:C:\Program Files\JetBrains\IntelliJ IDEA Community Edition 2020.3.2\bin -Dfile.encoding=UTF-8 
java_command: com.techelevator.LinearConvert
java_class_path (initial): C:\Users\Student\workspace\jeffrey-mcluckie\module-1\05_Command_Line_Programs\exercise-student\java\target\classes
Launcher Type: SUN_STANDARD

[Global flags]
     intx CICompilerCount                          = 4                                         {product} {ergonomic}
     uint ConcGCThreads                            = 2                                         {product} {ergonomic}
     uint G1ConcRefinementThreads                  = 8                                         {product} {ergonomic}
   size_t G1HeapRegionSize                         = 1048576                                   {product} {ergonomic}
    uintx GCDrainStackTargetSize                   = 64                                        {product} {ergonomic}
   size_t InitialHeapSize                          = 264241152                                 {product} {ergonomic}
   size_t MarkStackSize                            = 4194304                                   {product} {ergonomic}
   size_t MaxHeapSize                              = 4225761280                                {product} {ergonomic}
   size_t MinHeapDeltaBytes                        = 1048576                                   {product} {ergonomic}
    uintx NonNMethodCodeHeapSize                   = 5836300                                {pd product} {ergonomic}
    uintx NonProfiledCodeHeapSize                  = 122910970                              {pd product} {ergonomic}
    uintx ProfiledCodeHeapSize                     = 122910970                              {pd product} {ergonomic}
    uintx ReservedCodeCacheSize                    = 251658240                              {pd product} {ergonomic}
     bool SegmentedCodeCache                       = true                                      {product} {ergonomic}
     bool UseCompressedClassPointers               = true                                 {lp64_product} {ergonomic}
     bool UseCompressedOops                        = true                                 {lp64_product} {ergonomic}
     bool UseG1GC                                  = true                                      {product} {ergonomic}
     bool UseLargePagesIndividualAllocation        = false                                  {pd product} {ergonomic}

Logging:
Log output configuration:
 #0: stdout all=warning uptime,level,tags
 #1: stderr all=off uptime,level,tags

Environment Variables:
JAVA_HOME=C:\Program Files\OpenJDK\jdk-11.0.10+9
PATH=C:\WINDOWS\system32;C:\WINDOWS;C:\WINDOWS\System32\Wbem;C:\WINDOWS\System32\WindowsPowerShell\v1.0\;C:\WINDOWS\System32\OpenSSH\;C:\ProgramData\chocolatey\bin;C:\Program Files\Git\cmd;C:\Program Files\dotnet\;C:\Program Files\Microsoft SQL Server\130\Tools\Binn\;C:\Program Files\Microsoft SQL Server\Client SDK\ODBC\170\Tools\Binn\;C:\Program Files (x86)\Microsoft SQL Server\150\Tools\Binn\;C:\Program Files\Microsoft SQL Server\150\Tools\Binn\;C:\Program Files\Microsoft SQL Server\150\DTS\Binn\;C:\Program Files (x86)\Microsoft SQL Server\150\DTS\Binn\;C:\Program Files\Azure Data Studio\bin;C:\Program Files\OpenJDK\jdk-11.0.10+9\bin;C:\Program Files\PostgreSQL\12\bin;C:\Program Files\Maven\apache-maven-3.6.3\bin;C:\Program Files\ChromeDriver;C:\Program Files\Node\node-v14.15.5-win-x64;;C:\Program Files\Microsoft VS Code\bin;C:\Users\Student\AppData\Local\Microsoft\WindowsApps;C:\Users\Student\.dotnet\tools;C:\Program Files\Azure Data Studio\bin
USERNAME=Student
OS=Windows_NT
PROCESSOR_IDENTIFIER=Intel64 Family 6 Model 140 Stepping 1, GenuineIntel



---------------  S Y S T E M  ---------------

OS: Windows 10 , 64 bit Build 19041 (10.0.19041.1151)
OS uptime: 22 days 23:46 hours

CPU:total 8 (initial active 8) (4 cores per cpu, 2 threads per core) family 6 model 140 stepping 1 microcode 0x86, cmov, cx8, fxsr, mmx, sse, sse2, sse3, ssse3, sse4.1, sse4.2, popcnt, avx, avx2, aes, clmul, erms, 3dnowpref, lzcnt, ht, tsc, tscinvbit, bmi1, bmi2, adx, evex, sha, fma

Memory: 4k page, system-wide physical 16113M (5953M free)
TotalPageFile size 19205M (AvailPageFile size 114M)
current process WorkingSet (physical memory assigned to process): 10M, peak: 10M
current process commit charge ("private bytes"): 60M, peak: 312M

vm_info: OpenJDK 64-Bit Server VM (11.0.10+9) for windows-amd64 JRE (11.0.10+9), built on Jan 20 2021 06:07:07 by "" with MS VC++ 15.9 (VS2017)

END.
