#
# There is insufficient memory for the Java Runtime Environment to continue.
# Native memory allocation (mmap) failed to map 53477376 bytes for Failed to commit area from 0x0000000713e00000 to 0x0000000717100000 of length 53477376.
# Possible reasons:
#   The system is out of physical RAM or swap space
#   The process is running with CompressedOops enabled, and the Java Heap may be blocking the growth of the native heap
# Possible solutions:
#   Reduce memory load on the system
#   Increase physical memory or swap space
#   Check if swap backing store is full
#   Decrease Java heap size (-Xmx/-Xms)
#   Decrease number of Java threads
#   Decrease Java thread stack sizes (-Xss)
#   Set larger code cache with -XX:ReservedCodeCacheSize=
#   JVM is running with Zero Based Compressed Oops mode in which the Java heap is
#     placed in the first 32GB address space. The Java Heap base address is the
#     maximum limit for the native heap growth. Please use -XX:HeapBaseMinAddress
#     to set the Java Heap base and to place the Java Heap above 32GB virtual address.
# This output file may be truncated or incomplete.
#
#  Out of Memory Error (./src/hotspot/os/windows/os_windows.cpp:3301), pid=12528, tid=2500
#
# JRE version: OpenJDK Runtime Environment AdoptOpenJDK (11.0.10+9) (build 11.0.10+9)
# Java VM: OpenJDK 64-Bit Server VM AdoptOpenJDK (11.0.10+9, mixed mode, tiered, compressed oops, g1 gc, windows-amd64)
# No core dump will be written. Minidumps are not enabled by default on client versions of Windows
#

---------------  S U M M A R Y ------------

Command Line: -ea -Didea.test.cyclic.buffer.size=1048576 -javaagent:C:\Program Files\JetBrains\IntelliJ IDEA Community Edition 2020.3.2\lib\idea_rt.jar=55673:C:\Program Files\JetBrains\IntelliJ IDEA Community Edition 2020.3.2\bin -Dfile.encoding=UTF-8 com.intellij.rt.junit.JUnitStarter -ideVersion5 -junit4 com.techelevator.auctions.controller.AuctionControllerTest

Host: 11th Gen Intel(R) Core(TM) i7-1185G7 @ 3.00GHz, 8 cores, 15G,  Windows 10 , 64 bit Build 19041 (10.0.19041.1202)
Time: Wed Oct 27 14:12:48 2021 Eastern Daylight Time elapsed time: 6.534553 seconds (0d 0h 0m 6s)

---------------  T H R E A D  ---------------

Current thread (0x000001a80640c000):  VMThread "VM Thread" [stack: 0x0000005d1da00000,0x0000005d1db00000] [id=2500]

Stack: [0x0000005d1da00000,0x0000005d1db00000]
[error occurred during error reporting (printing stack bounds), id 0xc0000005, EXCEPTION_ACCESS_VIOLATION (0xc0000005) at pc=0x000001a86a7f10e7]

Native frames: (J=compiled Java code, j=interpreted, Vv=VM code, C=native code)
V  [jvm.dll+0x5f35ea]
V  [jvm.dll+0x77c65e]
V  [jvm.dll+0x77dd2f]
V  [jvm.dll+0x77e355]
V  [jvm.dll+0x77e30b]
V  [jvm.dll+0x5f2ad3]
V  [jvm.dll+0x5f31e8]
C  [ntdll.dll+0xa20cf]
C  [ntdll.dll+0x51454]
C  [ntdll.dll+0xa0bfe]
C  0x000001a86a7f10e7

VM_Operation (0x0000005d1effe4c0): G1CollectForAllocation, mode: safepoint, requested by thread 0x000001a806d24000


---------------  P R O C E S S  ---------------

Threads class SMR info:
_java_thread_list=0x000001a8096c3930, length=14, elements={
0x000001a860936000, 0x000001a80640f800, 0x000001a806411000, 0x000001a806424800,
0x000001a806427800, 0x000001a806429000, 0x000001a80642b800, 0x000001a80642e000,
0x000001a806d29000, 0x000001a806d25800, 0x000001a806ec4800, 0x000001a806d2a000,
0x000001a807d6d000, 0x000001a806d24000
}

Java Threads: ( => current thread )
  0x000001a860936000 JavaThread "main" [_thread_blocked, id=18512, stack(0x0000005d1d400000,0x0000005d1d500000)]
  0x000001a80640f800 JavaThread "Reference Handler" daemon [_thread_blocked, id=18480, stack(0x0000005d1db00000,0x0000005d1dc00000)]
  0x000001a806411000 JavaThread "Finalizer" daemon [_thread_blocked, id=10344, stack(0x0000005d1dc00000,0x0000005d1dd00000)]
  0x000001a806424800 JavaThread "Signal Dispatcher" daemon [_thread_blocked, id=22324, stack(0x0000005d1dd00000,0x0000005d1de00000)]
  0x000001a806427800 JavaThread "Attach Listener" daemon [_thread_blocked, id=12060, stack(0x0000005d1de00000,0x0000005d1df00000)]
  0x000001a806429000 JavaThread "Service Thread" daemon [_thread_blocked, id=13712, stack(0x0000005d1df00000,0x0000005d1e000000)]
  0x000001a80642b800 JavaThread "C2 CompilerThread0" daemon [_thread_blocked, id=8480, stack(0x0000005d1e000000,0x0000005d1e100000)]
  0x000001a80642e000 JavaThread "C1 CompilerThread0" daemon [_thread_blocked, id=1732, stack(0x0000005d1e100000,0x0000005d1e200000)]
  0x000001a806d29000 JavaThread "Sweeper thread" daemon [_thread_blocked, id=10336, stack(0x0000005d1e200000,0x0000005d1e300000)]
  0x000001a806d25800 JavaThread "Common-Cleaner" daemon [_thread_blocked, id=16980, stack(0x0000005d1e300000,0x0000005d1e400000)]
  0x000001a806ec4800 JavaThread "C2 CompilerThread1" daemon [_thread_in_native, id=21984, stack(0x0000005d1e400000,0x0000005d1e500000)]
  0x000001a806d2a000 JavaThread "Monitor Ctrl-Break" daemon [_thread_in_native, id=15064, stack(0x0000005d1e500000,0x0000005d1e600000)]
  0x000001a807d6d000 JavaThread "C2 CompilerThread2" daemon [_thread_blocked, id=13424, stack(0x0000005d1ec00000,0x0000005d1ed00000)]
  0x000001a806d24000 JavaThread "Thread-1428" [_thread_blocked, id=10660, stack(0x0000005d1ef00000,0x0000005d1f000000)]

Other Threads:
=>0x000001a80640c000 VMThread "VM Thread" [stack: 0x0000005d1da00000,0x0000005d1db00000] [id=2500]
  0x000001a8071a5800 WatcherThread [stack: 0x0000005d1e600000,0x0000005d1e700000] [id=4620]
  0x000001a86094d800 GCTaskThread "GC Thread#0" [stack: 0x0000005d1d500000,0x0000005d1d600000] [id=20996]
  0x000001a8078d7800 GCTaskThread "GC Thread#1" [stack: 0x0000005d1e700000,0x0000005d1e800000] [id=5816]
  0x000001a807be3800 GCTaskThread "GC Thread#2" [stack: 0x0000005d1e800000,0x0000005d1e900000] [id=696]
  0x000001a8077df000 GCTaskThread "GC Thread#3" [stack: 0x0000005d1e900000,0x0000005d1ea00000] [id=3520]
  0x000001a8077e0000 GCTaskThread "GC Thread#4" [stack: 0x0000005d1ea00000,0x0000005d1eb00000] [id=10964]
  0x000001a8076e2800 GCTaskThread "GC Thread#5" [stack: 0x0000005d1eb00000,0x0000005d1ec00000] [id=14048]
  0x000001a8609ac000 ConcurrentGCThread "G1 Main Marker" [stack: 0x0000005d1d600000,0x0000005d1d700000] [id=10048]
  0x000001a8609ad000 ConcurrentGCThread "G1 Conc#0" [stack: 0x0000005d1d700000,0x0000005d1d800000] [id=13600]
  0x000001a809538000 ConcurrentGCThread "G1 Conc#1" [stack: 0x0000005d1ee00000,0x0000005d1ef00000] [id=20184]
  0x000001a8062f3000 ConcurrentGCThread "G1 Refine#0" [stack: 0x0000005d1d800000,0x0000005d1d900000] [id=15516]
  0x000001a8062f4000 ConcurrentGCThread "G1 Young RemSet Sampling" [stack: 0x0000005d1d900000,0x0000005d1da00000] [id=10684]

Threads with active compile tasks:
C2 CompilerThread0   6545 5175       4       java.lang.Class::getDeclaredAnnotations (11 bytes)
C2 CompilerThread1   6545 5157       4       org.springframework.core.annotation.AnnotationTypeMapping$MirrorSets::resolve (109 bytes)
C2 CompilerThread2   6545 5284       4       java.util.stream.AbstractPipeline::wrapSink (37 bytes)

VM state:at safepoint (normal execution)

VM Mutex/Monitor currently owned by a thread:  ([mutex/lock_event])
[0x000001a8609324c0] Threads_lock - owner thread: 0x000001a80640c000
[0x000001a8609333f0] Heap_lock - owner thread: 0x000001a806d24000

Heap address: 0x0000000704200000, size: 4030 MB, Compressed Oops mode: Zero based, Oop shift amount: 3
Narrow klass base: 0x0000000800000000, Narrow klass shift: 0
Compressed class space size: 1073741824 Address: 0x0000000800000000

Heap:
 garbage-first heap   total 310272K, used 12210K [0x0000000704200000, 0x0000000800000000)
  region size 1024K, 7 young (7168K), 7 survivors (7168K)
 Metaspace       used 32793K, capacity 33732K, committed 33968K, reserved 1079296K
  class space    used 3599K, capacity 3974K, committed 4096K, reserved 1048576K
Heap Regions: E=young(eden), S=young(survivor), O=old, HS=humongous(starts), HC=humongous(continues), CS=collection set, F=free, A=archive, TAMS=top-at-mark-start (previous, next)
|   0|0x0000000704200000, 0x0000000704300000, 0x0000000704300000|100%| O|  |TAMS 0x0000000704300000, 0x0000000704200000| Untracked 
|   1|0x0000000704300000, 0x0000000704400000, 0x0000000704400000|100%| O|  |TAMS 0x0000000704400000, 0x0000000704300000| Untracked 
|   2|0x0000000704400000, 0x0000000704500000, 0x0000000704500000|100%| O|  |TAMS 0x0000000704500000, 0x0000000704400000| Untracked 
|   3|0x0000000704500000, 0x0000000704600000, 0x0000000704600000|100%| O|  |TAMS 0x0000000704600000, 0x0000000704500000| Untracked 
|   4|0x0000000704600000, 0x0000000704700000, 0x0000000704700000|100%| O|  |TAMS 0x0000000704700000, 0x0000000704600000| Untracked 
|   5|0x0000000704700000, 0x0000000704755600, 0x0000000704800000| 33%| O|  |TAMS 0x0000000704755600, 0x0000000704700000| Untracked 
|   6|0x0000000704800000, 0x0000000704800000, 0x0000000704900000|  0%| F|  |TAMS 0x0000000704800000, 0x0000000704800000| Untracked 
|   7|0x0000000704900000, 0x0000000704900000, 0x0000000704a00000|  0%| F|  |TAMS 0x0000000704900000, 0x0000000704900000| Untracked 
|   8|0x0000000704a00000, 0x0000000704a00000, 0x0000000704b00000|  0%| F|  |TAMS 0x0000000704a00000, 0x0000000704a00000| Untracked 
|   9|0x0000000704b00000, 0x0000000704b00000, 0x0000000704c00000|  0%| F|  |TAMS 0x0000000704b00000, 0x0000000704b00000| Untracked 
|  10|0x0000000704c00000, 0x0000000704c00000, 0x0000000704d00000|  0%| F|  |TAMS 0x0000000704c00000, 0x0000000704c00000| Untracked 
|  11|0x0000000704d00000, 0x0000000704d00000, 0x0000000704e00000|  0%| F|  |TAMS 0x0000000704d00000, 0x0000000704d00000| Untracked 
|  12|0x0000000704e00000, 0x0000000704e00000, 0x0000000704f00000|  0%| F|  |TAMS 0x0000000704e00000, 0x0000000704e00000| Untracked 
|  13|0x0000000704f00000, 0x0000000704f00000, 0x0000000705000000|  0%| F|  |TAMS 0x0000000704f00000, 0x0000000704f00000| Untracked 
|  14|0x0000000705000000, 0x0000000705000000, 0x0000000705100000|  0%| F|  |TAMS 0x0000000705000000, 0x0000000705000000| Untracked 
|  15|0x0000000705100000, 0x0000000705100000, 0x0000000705200000|  0%| F|  |TAMS 0x0000000705100000, 0x0000000705100000| Untracked 
|  16|0x0000000705200000, 0x0000000705200000, 0x0000000705300000|  0%| F|  |TAMS 0x0000000705200000, 0x0000000705200000| Untracked 
|  17|0x0000000705300000, 0x0000000705300000, 0x0000000705400000|  0%| F|  |TAMS 0x0000000705300000, 0x0000000705300000| Untracked 
|  18|0x0000000705400000, 0x0000000705400000, 0x0000000705500000|  0%| F|  |TAMS 0x0000000705400000, 0x0000000705400000| Untracked 
|  19|0x0000000705500000, 0x0000000705500000, 0x0000000705600000|  0%| F|  |TAMS 0x0000000705500000, 0x0000000705500000| Untracked 
|  20|0x0000000705600000, 0x0000000705600000, 0x0000000705700000|  0%| F|  |TAMS 0x0000000705600000, 0x0000000705600000| Untracked 
|  21|0x0000000705700000, 0x0000000705700000, 0x0000000705800000|  0%| F|  |TAMS 0x0000000705700000, 0x0000000705700000| Untracked 
|  22|0x0000000705800000, 0x0000000705800000, 0x0000000705900000|  0%| F|  |TAMS 0x0000000705800000, 0x0000000705800000| Untracked 
|  23|0x0000000705900000, 0x0000000705900000, 0x0000000705a00000|  0%| F|  |TAMS 0x0000000705900000, 0x0000000705900000| Untracked 
|  24|0x0000000705a00000, 0x0000000705a00000, 0x0000000705b00000|  0%| F|  |TAMS 0x0000000705a00000, 0x0000000705a00000| Untracked 
|  25|0x0000000705b00000, 0x0000000705b00000, 0x0000000705c00000|  0%| F|  |TAMS 0x0000000705b00000, 0x0000000705b00000| Untracked 
|  26|0x0000000705c00000, 0x0000000705c00000, 0x0000000705d00000|  0%| F|  |TAMS 0x0000000705c00000, 0x0000000705c00000| Untracked 
|  27|0x0000000705d00000, 0x0000000705d00000, 0x0000000705e00000|  0%| F|  |TAMS 0x0000000705d00000, 0x0000000705d00000| Untracked 
|  28|0x0000000705e00000, 0x0000000705e00000, 0x0000000705f00000|  0%| F|  |TAMS 0x0000000705e00000, 0x0000000705e00000| Untracked 
|  29|0x0000000705f00000, 0x0000000705f00000, 0x0000000706000000|  0%| F|  |TAMS 0x0000000705f00000, 0x0000000705f00000| Untracked 
|  30|0x0000000706000000, 0x0000000706000000, 0x0000000706100000|  0%| F|  |TAMS 0x0000000706000000, 0x0000000706000000| Untracked 
|  31|0x0000000706100000, 0x0000000706100000, 0x0000000706200000|  0%| F|  |TAMS 0x0000000706100000, 0x0000000706100000| Untracked 
|  32|0x0000000706200000, 0x0000000706200000, 0x0000000706300000|  0%| F|  |TAMS 0x0000000706200000, 0x0000000706200000| Untracked 
|  33|0x0000000706300000, 0x0000000706300000, 0x0000000706400000|  0%| F|  |TAMS 0x0000000706300000, 0x0000000706300000| Untracked 
|  34|0x0000000706400000, 0x0000000706400000, 0x0000000706500000|  0%| F|  |TAMS 0x0000000706400000, 0x0000000706400000| Untracked 
|  35|0x0000000706500000, 0x0000000706500000, 0x0000000706600000|  0%| F|  |TAMS 0x0000000706500000, 0x0000000706500000| Untracked 
|  36|0x0000000706600000, 0x0000000706600000, 0x0000000706700000|  0%| F|  |TAMS 0x0000000706600000, 0x0000000706600000| Untracked 
|  37|0x0000000706700000, 0x0000000706700000, 0x0000000706800000|  0%| F|  |TAMS 0x0000000706700000, 0x0000000706700000| Untracked 
|  38|0x0000000706800000, 0x0000000706800000, 0x0000000706900000|  0%| F|  |TAMS 0x0000000706800000, 0x0000000706800000| Untracked 
|  39|0x0000000706900000, 0x0000000706900000, 0x0000000706a00000|  0%| F|  |TAMS 0x0000000706900000, 0x0000000706900000| Untracked 
|  40|0x0000000706a00000, 0x0000000706a00000, 0x0000000706b00000|  0%| F|  |TAMS 0x0000000706a00000, 0x0000000706a00000| Untracked 
|  41|0x0000000706b00000, 0x0000000706b00000, 0x0000000706c00000|  0%| F|  |TAMS 0x0000000706b00000, 0x0000000706b00000| Untracked 
|  42|0x0000000706c00000, 0x0000000706c00000, 0x0000000706d00000|  0%| F|  |TAMS 0x0000000706c00000, 0x0000000706c00000| Untracked 
|  43|0x0000000706d00000, 0x0000000706d00000, 0x0000000706e00000|  0%| F|  |TAMS 0x0000000706d00000, 0x0000000706d00000| Untracked 
|  44|0x0000000706e00000, 0x0000000706e00000, 0x0000000706f00000|  0%| F|  |TAMS 0x0000000706e00000, 0x0000000706e00000| Untracked 
|  45|0x0000000706f00000, 0x0000000706f00000, 0x0000000707000000|  0%| F|  |TAMS 0x0000000706f00000, 0x0000000706f00000| Untracked 
|  46|0x0000000707000000, 0x0000000707000000, 0x0000000707100000|  0%| F|  |TAMS 0x0000000707000000, 0x0000000707000000| Untracked 
|  47|0x0000000707100000, 0x0000000707100000, 0x0000000707200000|  0%| F|  |TAMS 0x0000000707100000, 0x0000000707100000| Untracked 
|  48|0x0000000707200000, 0x0000000707200000, 0x0000000707300000|  0%| F|  |TAMS 0x0000000707200000, 0x0000000707200000| Untracked 
|  49|0x0000000707300000, 0x0000000707300000, 0x0000000707400000|  0%| F|  |TAMS 0x0000000707300000, 0x0000000707300000| Untracked 
|  50|0x0000000707400000, 0x0000000707400000, 0x0000000707500000|  0%| F|  |TAMS 0x0000000707400000, 0x0000000707400000| Untracked 
|  51|0x0000000707500000, 0x0000000707500000, 0x0000000707600000|  0%| F|  |TAMS 0x0000000707500000, 0x0000000707500000| Untracked 
|  52|0x0000000707600000, 0x0000000707600000, 0x0000000707700000|  0%| F|  |TAMS 0x0000000707600000, 0x0000000707600000| Untracked 
|  53|0x0000000707700000, 0x0000000707700000, 0x0000000707800000|  0%| F|  |TAMS 0x0000000707700000, 0x0000000707700000| Untracked 
|  54|0x0000000707800000, 0x0000000707800000, 0x0000000707900000|  0%| F|  |TAMS 0x0000000707800000, 0x0000000707800000| Untracked 
|  55|0x0000000707900000, 0x0000000707900000, 0x0000000707a00000|  0%| F|  |TAMS 0x0000000707900000, 0x0000000707900000| Untracked 
|  56|0x0000000707a00000, 0x0000000707a00000, 0x0000000707b00000|  0%| F|  |TAMS 0x0000000707a00000, 0x0000000707a00000| Untracked 
|  57|0x0000000707b00000, 0x0000000707b00000, 0x0000000707c00000|  0%| F|  |TAMS 0x0000000707b00000, 0x0000000707b00000| Untracked 
|  58|0x0000000707c00000, 0x0000000707c00000, 0x0000000707d00000|  0%| F|  |TAMS 0x0000000707c00000, 0x0000000707c00000| Untracked 
|  59|0x0000000707d00000, 0x0000000707d00000, 0x0000000707e00000|  0%| F|  |TAMS 0x0000000707d00000, 0x0000000707d00000| Untracked 
|  60|0x0000000707e00000, 0x0000000707e00000, 0x0000000707f00000|  0%| F|  |TAMS 0x0000000707e00000, 0x0000000707e00000| Untracked 
|  61|0x0000000707f00000, 0x0000000707f00000, 0x0000000708000000|  0%| F|  |TAMS 0x0000000707f00000, 0x0000000707f00000| Untracked 
|  62|0x0000000708000000, 0x0000000708000000, 0x0000000708100000|  0%| F|  |TAMS 0x0000000708000000, 0x0000000708000000| Untracked 
|  63|0x0000000708100000, 0x0000000708100000, 0x0000000708200000|  0%| F|  |TAMS 0x0000000708100000, 0x0000000708100000| Untracked 
|  64|0x0000000708200000, 0x0000000708200000, 0x0000000708300000|  0%| F|  |TAMS 0x0000000708200000, 0x0000000708200000| Untracked 
|  65|0x0000000708300000, 0x0000000708300000, 0x0000000708400000|  0%| F|  |TAMS 0x0000000708300000, 0x0000000708300000| Untracked 
|  66|0x0000000708400000, 0x0000000708400000, 0x0000000708500000|  0%| F|  |TAMS 0x0000000708400000, 0x0000000708400000| Untracked 
|  67|0x0000000708500000, 0x0000000708500000, 0x0000000708600000|  0%| F|  |TAMS 0x0000000708500000, 0x0000000708500000| Untracked 
|  68|0x0000000708600000, 0x0000000708600000, 0x0000000708700000|  0%| F|  |TAMS 0x0000000708600000, 0x0000000708600000| Untracked 
|  69|0x0000000708700000, 0x0000000708700000, 0x0000000708800000|  0%| F|  |TAMS 0x0000000708700000, 0x0000000708700000| Untracked 
|  70|0x0000000708800000, 0x0000000708800000, 0x0000000708900000|  0%| F|  |TAMS 0x0000000708800000, 0x0000000708800000| Untracked 
|  71|0x0000000708900000, 0x0000000708900000, 0x0000000708a00000|  0%| F|  |TAMS 0x0000000708900000, 0x0000000708900000| Untracked 
|  72|0x0000000708a00000, 0x0000000708a00000, 0x0000000708b00000|  0%| F|  |TAMS 0x0000000708a00000, 0x0000000708a00000| Untracked 
|  73|0x0000000708b00000, 0x0000000708b00000, 0x0000000708c00000|  0%| F|  |TAMS 0x0000000708b00000, 0x0000000708b00000| Untracked 
|  74|0x0000000708c00000, 0x0000000708c00000, 0x0000000708d00000|  0%| F|  |TAMS 0x0000000708c00000, 0x0000000708c00000| Untracked 
|  75|0x0000000708d00000, 0x0000000708d00000, 0x0000000708e00000|  0%| F|  |TAMS 0x0000000708d00000, 0x0000000708d00000| Untracked 
|  76|0x0000000708e00000, 0x0000000708e00000, 0x0000000708f00000|  0%| F|  |TAMS 0x0000000708e00000, 0x0000000708e00000| Untracked 
|  77|0x0000000708f00000, 0x0000000708f00000, 0x0000000709000000|  0%| F|  |TAMS 0x0000000708f00000, 0x0000000708f00000| Untracked 
|  78|0x0000000709000000, 0x0000000709000000, 0x0000000709100000|  0%| F|  |TAMS 0x0000000709000000, 0x0000000709000000| Untracked 
|  79|0x0000000709100000, 0x0000000709100000, 0x0000000709200000|  0%| F|  |TAMS 0x0000000709100000, 0x0000000709100000| Untracked 
|  80|0x0000000709200000, 0x0000000709200000, 0x0000000709300000|  0%| F|  |TAMS 0x0000000709200000, 0x0000000709200000| Untracked 
|  81|0x0000000709300000, 0x0000000709300000, 0x0000000709400000|  0%| F|  |TAMS 0x0000000709300000, 0x0000000709300000| Untracked 
|  82|0x0000000709400000, 0x0000000709400000, 0x0000000709500000|  0%| F|  |TAMS 0x0000000709400000, 0x0000000709400000| Untracked 
|  83|0x0000000709500000, 0x0000000709500000, 0x0000000709600000|  0%| F|  |TAMS 0x0000000709500000, 0x0000000709500000| Untracked 
|  84|0x0000000709600000, 0x0000000709600000, 0x0000000709700000|  0%| F|  |TAMS 0x0000000709600000, 0x0000000709600000| Untracked 
|  85|0x0000000709700000, 0x0000000709700000, 0x0000000709800000|  0%| F|  |TAMS 0x0000000709700000, 0x0000000709700000| Untracked 
|  86|0x0000000709800000, 0x0000000709800000, 0x0000000709900000|  0%| F|  |TAMS 0x0000000709800000, 0x0000000709800000| Untracked 
|  87|0x0000000709900000, 0x0000000709900000, 0x0000000709a00000|  0%| F|  |TAMS 0x0000000709900000, 0x0000000709900000| Untracked 
|  88|0x0000000709a00000, 0x0000000709a00000, 0x0000000709b00000|  0%| F|  |TAMS 0x0000000709a00000, 0x0000000709a00000| Untracked 
|  89|0x0000000709b00000, 0x0000000709b00000, 0x0000000709c00000|  0%| F|  |TAMS 0x0000000709b00000, 0x0000000709b00000| Untracked 
|  90|0x0000000709c00000, 0x0000000709c00000, 0x0000000709d00000|  0%| F|  |TAMS 0x0000000709c00000, 0x0000000709c00000| Untracked 
|  91|0x0000000709d00000, 0x0000000709d00000, 0x0000000709e00000|  0%| F|  |TAMS 0x0000000709d00000, 0x0000000709d00000| Untracked 
|  92|0x0000000709e00000, 0x0000000709e00000, 0x0000000709f00000|  0%| F|  |TAMS 0x0000000709e00000, 0x0000000709e00000| Untracked 
|  93|0x0000000709f00000, 0x0000000709f00000, 0x000000070a000000|  0%| F|  |TAMS 0x0000000709f00000, 0x0000000709f00000| Untracked 
|  94|0x000000070a000000, 0x000000070a000000, 0x000000070a100000|  0%| F|  |TAMS 0x000000070a000000, 0x000000070a000000| Untracked 
|  95|0x000000070a100000, 0x000000070a100000, 0x000000070a200000|  0%| F|  |TAMS 0x000000070a100000, 0x000000070a100000| Untracked 
|  96|0x000000070a200000, 0x000000070a200000, 0x000000070a300000|  0%| F|  |TAMS 0x000000070a200000, 0x000000070a200000| Untracked 
|  97|0x000000070a300000, 0x000000070a397218, 0x000000070a400000| 59%| S|CS|TAMS 0x000000070a300000, 0x000000070a300000| Complete 
|  98|0x000000070a400000, 0x000000070a500000, 0x000000070a500000|100%| S|CS|TAMS 0x000000070a400000, 0x000000070a400000| Complete 
|  99|0x000000070a500000, 0x000000070a600000, 0x000000070a600000|100%| S|CS|TAMS 0x000000070a500000, 0x000000070a500000| Complete 
| 100|0x000000070a600000, 0x000000070a700000, 0x000000070a700000|100%| S|CS|TAMS 0x000000070a600000, 0x000000070a600000| Complete 
| 101|0x000000070a700000, 0x000000070a800000, 0x000000070a800000|100%| S|CS|TAMS 0x000000070a700000, 0x000000070a700000| Complete 
| 102|0x000000070a800000, 0x000000070a900000, 0x000000070a900000|100%| S|CS|TAMS 0x000000070a800000, 0x000000070a800000| Complete 
| 103|0x000000070a900000, 0x000000070a900000, 0x000000070aa00000|  0%| F|  |TAMS 0x000000070a900000, 0x000000070a900000| Untracked 
| 104|0x000000070aa00000, 0x000000070aa00000, 0x000000070ab00000|  0%| F|  |TAMS 0x000000070aa00000, 0x000000070aa00000| Untracked 
| 105|0x000000070ab00000, 0x000000070ab00000, 0x000000070ac00000|  0%| F|  |TAMS 0x000000070ab00000, 0x000000070ab00000| Untracked 
| 106|0x000000070ac00000, 0x000000070ac00000, 0x000000070ad00000|  0%| F|  |TAMS 0x000000070ac00000, 0x000000070ac00000| Untracked 
| 107|0x000000070ad00000, 0x000000070ae00000, 0x000000070ae00000|100%| S|CS|TAMS 0x000000070ad00000, 0x000000070ad00000| Complete 
| 108|0x000000070ae00000, 0x000000070ae00000, 0x000000070af00000|  0%| F|  |TAMS 0x000000070ae00000, 0x000000070ae00000| Untracked 
| 109|0x000000070af00000, 0x000000070af00000, 0x000000070b000000|  0%| F|  |TAMS 0x000000070af00000, 0x000000070af00000| Untracked 
| 110|0x000000070b000000, 0x000000070b000000, 0x000000070b100000|  0%| F|  |TAMS 0x000000070b000000, 0x000000070b000000| Untracked 
| 111|0x000000070b100000, 0x000000070b100000, 0x000000070b200000|  0%| F|  |TAMS 0x000000070b100000, 0x000000070b100000| Untracked 
| 112|0x000000070b200000, 0x000000070b200000, 0x000000070b300000|  0%| F|  |TAMS 0x000000070b200000, 0x000000070b200000| Untracked 
| 113|0x000000070b300000, 0x000000070b300000, 0x000000070b400000|  0%| F|  |TAMS 0x000000070b300000, 0x000000070b300000| Untracked 
| 114|0x000000070b400000, 0x000000070b400000, 0x000000070b500000|  0%| F|  |TAMS 0x000000070b400000, 0x000000070b400000| Untracked 
| 115|0x000000070b500000, 0x000000070b500000, 0x000000070b600000|  0%| F|  |TAMS 0x000000070b500000, 0x000000070b500000| Untracked 
| 116|0x000000070b600000, 0x000000070b600000, 0x000000070b700000|  0%| F|  |TAMS 0x000000070b600000, 0x000000070b600000| Untracked 
| 117|0x000000070b700000, 0x000000070b700000, 0x000000070b800000|  0%| F|  |TAMS 0x000000070b700000, 0x000000070b700000| Untracked 
| 118|0x000000070b800000, 0x000000070b800000, 0x000000070b900000|  0%| F|  |TAMS 0x000000070b800000, 0x000000070b800000| Untracked 
| 119|0x000000070b900000, 0x000000070b900000, 0x000000070ba00000|  0%| F|  |TAMS 0x000000070b900000, 0x000000070b900000| Untracked 
| 120|0x000000070ba00000, 0x000000070ba00000, 0x000000070bb00000|  0%| F|  |TAMS 0x000000070ba00000, 0x000000070ba00000| Untracked 
| 121|0x000000070bb00000, 0x000000070bb00000, 0x000000070bc00000|  0%| F|  |TAMS 0x000000070bb00000, 0x000000070bb00000| Untracked 
| 122|0x000000070bc00000, 0x000000070bc00000, 0x000000070bd00000|  0%| F|  |TAMS 0x000000070bc00000, 0x000000070bc00000| Untracked 
| 123|0x000000070bd00000, 0x000000070bd00000, 0x000000070be00000|  0%| F|  |TAMS 0x000000070bd00000, 0x000000070bd00000| Untracked 
| 124|0x000000070be00000, 0x000000070be00000, 0x000000070bf00000|  0%| F|  |TAMS 0x000000070be00000, 0x000000070be00000| Untracked 
| 125|0x000000070bf00000, 0x000000070bf00000, 0x000000070c000000|  0%| F|  |TAMS 0x000000070bf00000, 0x000000070bf00000| Untracked 
| 126|0x000000070c000000, 0x000000070c000000, 0x000000070c100000|  0%| F|  |TAMS 0x000000070c000000, 0x000000070c000000| Untracked 
| 127|0x000000070c100000, 0x000000070c100000, 0x000000070c200000|  0%| F|  |TAMS 0x000000070c100000, 0x000000070c100000| Untracked 
| 128|0x000000070c200000, 0x000000070c200000, 0x000000070c300000|  0%| F|  |TAMS 0x000000070c200000, 0x000000070c200000| Untracked 
| 129|0x000000070c300000, 0x000000070c300000, 0x000000070c400000|  0%| F|  |TAMS 0x000000070c300000, 0x000000070c300000| Untracked 
| 130|0x000000070c400000, 0x000000070c400000, 0x000000070c500000|  0%| F|  |TAMS 0x000000070c400000, 0x000000070c400000| Untracked 
| 131|0x000000070c500000, 0x000000070c500000, 0x000000070c600000|  0%| F|  |TAMS 0x000000070c500000, 0x000000070c500000| Untracked 
| 132|0x000000070c600000, 0x000000070c600000, 0x000000070c700000|  0%| F|  |TAMS 0x000000070c600000, 0x000000070c600000| Untracked 
| 133|0x000000070c700000, 0x000000070c700000, 0x000000070c800000|  0%| F|  |TAMS 0x000000070c700000, 0x000000070c700000| Untracked 
| 134|0x000000070c800000, 0x000000070c800000, 0x000000070c900000|  0%| F|  |TAMS 0x000000070c800000, 0x000000070c800000| Untracked 
| 135|0x000000070c900000, 0x000000070c900000, 0x000000070ca00000|  0%| F|  |TAMS 0x000000070c900000, 0x000000070c900000| Untracked 
| 136|0x000000070ca00000, 0x000000070ca00000, 0x000000070cb00000|  0%| F|  |TAMS 0x000000070ca00000, 0x000000070ca00000| Untracked 
| 137|0x000000070cb00000, 0x000000070cb00000, 0x000000070cc00000|  0%| F|  |TAMS 0x000000070cb00000, 0x000000070cb00000| Untracked 
| 138|0x000000070cc00000, 0x000000070cc00000, 0x000000070cd00000|  0%| F|  |TAMS 0x000000070cc00000, 0x000000070cc00000| Untracked 
| 139|0x000000070cd00000, 0x000000070cd00000, 0x000000070ce00000|  0%| F|  |TAMS 0x000000070cd00000, 0x000000070cd00000| Untracked 
| 140|0x000000070ce00000, 0x000000070ce00000, 0x000000070cf00000|  0%| F|  |TAMS 0x000000070ce00000, 0x000000070ce00000| Untracked 
| 141|0x000000070cf00000, 0x000000070cf00000, 0x000000070d000000|  0%| F|  |TAMS 0x000000070cf00000, 0x000000070cf00000| Untracked 
| 142|0x000000070d000000, 0x000000070d000000, 0x000000070d100000|  0%| F|  |TAMS 0x000000070d000000, 0x000000070d000000| Untracked 
| 143|0x000000070d100000, 0x000000070d100000, 0x000000070d200000|  0%| F|  |TAMS 0x000000070d100000, 0x000000070d100000| Untracked 
| 144|0x000000070d200000, 0x000000070d200000, 0x000000070d300000|  0%| F|  |TAMS 0x000000070d200000, 0x000000070d200000| Untracked 
| 145|0x000000070d300000, 0x000000070d300000, 0x000000070d400000|  0%| F|  |TAMS 0x000000070d300000, 0x000000070d300000| Untracked 
| 146|0x000000070d400000, 0x000000070d400000, 0x000000070d500000|  0%| F|  |TAMS 0x000000070d400000, 0x000000070d400000| Untracked 
| 147|0x000000070d500000, 0x000000070d500000, 0x000000070d600000|  0%| F|  |TAMS 0x000000070d500000, 0x000000070d500000| Untracked 
| 148|0x000000070d600000, 0x000000070d600000, 0x000000070d700000|  0%| F|  |TAMS 0x000000070d600000, 0x000000070d600000| Untracked 
| 149|0x000000070d700000, 0x000000070d700000, 0x000000070d800000|  0%| F|  |TAMS 0x000000070d700000, 0x000000070d700000| Untracked 
| 150|0x000000070d800000, 0x000000070d800000, 0x000000070d900000|  0%| F|  |TAMS 0x000000070d800000, 0x000000070d800000| Untracked 
| 151|0x000000070d900000, 0x000000070d900000, 0x000000070da00000|  0%| F|  |TAMS 0x000000070d900000, 0x000000070d900000| Untracked 
| 152|0x000000070da00000, 0x000000070da00000, 0x000000070db00000|  0%| F|  |TAMS 0x000000070da00000, 0x000000070da00000| Untracked 
| 153|0x000000070db00000, 0x000000070db00000, 0x000000070dc00000|  0%| F|  |TAMS 0x000000070db00000, 0x000000070db00000| Untracked 
| 154|0x000000070dc00000, 0x000000070dc00000, 0x000000070dd00000|  0%| F|  |TAMS 0x000000070dc00000, 0x000000070dc00000| Untracked 
| 155|0x000000070dd00000, 0x000000070dd00000, 0x000000070de00000|  0%| F|  |TAMS 0x000000070dd00000, 0x000000070dd00000| Untracked 
| 156|0x000000070de00000, 0x000000070de00000, 0x000000070df00000|  0%| F|  |TAMS 0x000000070de00000, 0x000000070de00000| Untracked 
| 157|0x000000070df00000, 0x000000070df00000, 0x000000070e000000|  0%| F|  |TAMS 0x000000070df00000, 0x000000070df00000| Untracked 
| 158|0x000000070e000000, 0x000000070e000000, 0x000000070e100000|  0%| F|  |TAMS 0x000000070e000000, 0x000000070e000000| Untracked 
| 159|0x000000070e100000, 0x000000070e100000, 0x000000070e200000|  0%| F|  |TAMS 0x000000070e100000, 0x000000070e100000| Untracked 
| 160|0x000000070e200000, 0x000000070e200000, 0x000000070e300000|  0%| F|  |TAMS 0x000000070e200000, 0x000000070e200000| Untracked 
| 161|0x000000070e300000, 0x000000070e300000, 0x000000070e400000|  0%| F|  |TAMS 0x000000070e300000, 0x000000070e300000| Untracked 
| 162|0x000000070e400000, 0x000000070e400000, 0x000000070e500000|  0%| F|  |TAMS 0x000000070e400000, 0x000000070e400000| Untracked 
| 163|0x000000070e500000, 0x000000070e500000, 0x000000070e600000|  0%| F|  |TAMS 0x000000070e500000, 0x000000070e500000| Untracked 
| 164|0x000000070e600000, 0x000000070e600000, 0x000000070e700000|  0%| F|  |TAMS 0x000000070e600000, 0x000000070e600000| Untracked 
| 165|0x000000070e700000, 0x000000070e700000, 0x000000070e800000|  0%| F|  |TAMS 0x000000070e700000, 0x000000070e700000| Untracked 
| 166|0x000000070e800000, 0x000000070e800000, 0x000000070e900000|  0%| F|  |TAMS 0x000000070e800000, 0x000000070e800000| Untracked 
| 167|0x000000070e900000, 0x000000070e900000, 0x000000070ea00000|  0%| F|  |TAMS 0x000000070e900000, 0x000000070e900000| Untracked 
| 168|0x000000070ea00000, 0x000000070ea00000, 0x000000070eb00000|  0%| F|  |TAMS 0x000000070ea00000, 0x000000070ea00000| Untracked 
| 169|0x000000070eb00000, 0x000000070eb00000, 0x000000070ec00000|  0%| F|  |TAMS 0x000000070eb00000, 0x000000070eb00000| Untracked 
| 170|0x000000070ec00000, 0x000000070ec00000, 0x000000070ed00000|  0%| F|  |TAMS 0x000000070ec00000, 0x000000070ec00000| Untracked 
| 171|0x000000070ed00000, 0x000000070ed00000, 0x000000070ee00000|  0%| F|  |TAMS 0x000000070ed00000, 0x000000070ed00000| Untracked 
| 172|0x000000070ee00000, 0x000000070ee00000, 0x000000070ef00000|  0%| F|  |TAMS 0x000000070ee00000, 0x000000070ee00000| Untracked 
| 173|0x000000070ef00000, 0x000000070ef00000, 0x000000070f000000|  0%| F|  |TAMS 0x000000070ef00000, 0x000000070ef00000| Untracked 
| 174|0x000000070f000000, 0x000000070f000000, 0x000000070f100000|  0%| F|  |TAMS 0x000000070f000000, 0x000000070f000000| Untracked 
| 175|0x000000070f100000, 0x000000070f100000, 0x000000070f200000|  0%| F|  |TAMS 0x000000070f100000, 0x000000070f100000| Untracked 
| 176|0x000000070f200000, 0x000000070f200000, 0x000000070f300000|  0%| F|  |TAMS 0x000000070f200000, 0x000000070f200000| Untracked 
| 177|0x000000070f300000, 0x000000070f300000, 0x000000070f400000|  0%| F|  |TAMS 0x000000070f300000, 0x000000070f300000| Untracked 
| 178|0x000000070f400000, 0x000000070f400000, 0x000000070f500000|  0%| F|  |TAMS 0x000000070f400000, 0x000000070f400000| Untracked 
| 179|0x000000070f500000, 0x000000070f500000, 0x000000070f600000|  0%| F|  |TAMS 0x000000070f500000, 0x000000070f500000| Untracked 
| 180|0x000000070f600000, 0x000000070f600000, 0x000000070f700000|  0%| F|  |TAMS 0x000000070f600000, 0x000000070f600000| Untracked 
| 181|0x000000070f700000, 0x000000070f700000, 0x000000070f800000|  0%| F|  |TAMS 0x000000070f700000, 0x000000070f700000| Untracked 
| 182|0x000000070f800000, 0x000000070f800000, 0x000000070f900000|  0%| F|  |TAMS 0x000000070f800000, 0x000000070f800000| Untracked 
| 183|0x000000070f900000, 0x000000070f900000, 0x000000070fa00000|  0%| F|  |TAMS 0x000000070f900000, 0x000000070f900000| Untracked 
| 184|0x000000070fa00000, 0x000000070fa00000, 0x000000070fb00000|  0%| F|  |TAMS 0x000000070fa00000, 0x000000070fa00000| Untracked 
| 185|0x000000070fb00000, 0x000000070fb00000, 0x000000070fc00000|  0%| F|  |TAMS 0x000000070fb00000, 0x000000070fb00000| Untracked 
| 186|0x000000070fc00000, 0x000000070fc00000, 0x000000070fd00000|  0%| F|  |TAMS 0x000000070fc00000, 0x000000070fc00000| Untracked 
| 187|0x000000070fd00000, 0x000000070fd00000, 0x000000070fe00000|  0%| F|  |TAMS 0x000000070fd00000, 0x000000070fd00000| Untracked 
| 188|0x000000070fe00000, 0x000000070fe00000, 0x000000070ff00000|  0%| F|  |TAMS 0x000000070fe00000, 0x000000070fe00000| Untracked 
| 189|0x000000070ff00000, 0x000000070ff00000, 0x0000000710000000|  0%| F|  |TAMS 0x000000070ff00000, 0x000000070ff00000| Untracked 
| 190|0x0000000710000000, 0x0000000710000000, 0x0000000710100000|  0%| F|  |TAMS 0x0000000710000000, 0x0000000710000000| Untracked 
| 191|0x0000000710100000, 0x0000000710100000, 0x0000000710200000|  0%| F|  |TAMS 0x0000000710100000, 0x0000000710100000| Untracked 
| 192|0x0000000710200000, 0x0000000710200000, 0x0000000710300000|  0%| F|  |TAMS 0x0000000710200000, 0x0000000710200000| Untracked 
| 193|0x0000000710300000, 0x0000000710300000, 0x0000000710400000|  0%| F|  |TAMS 0x0000000710300000, 0x0000000710300000| Untracked 
| 194|0x0000000710400000, 0x0000000710400000, 0x0000000710500000|  0%| F|  |TAMS 0x0000000710400000, 0x0000000710400000| Untracked 
| 195|0x0000000710500000, 0x0000000710500000, 0x0000000710600000|  0%| F|  |TAMS 0x0000000710500000, 0x0000000710500000| Untracked 
| 196|0x0000000710600000, 0x0000000710600000, 0x0000000710700000|  0%| F|  |TAMS 0x0000000710600000, 0x0000000710600000| Untracked 
| 197|0x0000000710700000, 0x0000000710700000, 0x0000000710800000|  0%| F|  |TAMS 0x0000000710700000, 0x0000000710700000| Untracked 
| 198|0x0000000710800000, 0x0000000710800000, 0x0000000710900000|  0%| F|  |TAMS 0x0000000710800000, 0x0000000710800000| Untracked 
| 199|0x0000000710900000, 0x0000000710900000, 0x0000000710a00000|  0%| F|  |TAMS 0x0000000710900000, 0x0000000710900000| Untracked 
| 200|0x0000000710a00000, 0x0000000710a00000, 0x0000000710b00000|  0%| F|  |TAMS 0x0000000710a00000, 0x0000000710a00000| Untracked 
| 201|0x0000000710b00000, 0x0000000710b00000, 0x0000000710c00000|  0%| F|  |TAMS 0x0000000710b00000, 0x0000000710b00000| Untracked 
| 202|0x0000000710c00000, 0x0000000710c00000, 0x0000000710d00000|  0%| F|  |TAMS 0x0000000710c00000, 0x0000000710c00000| Untracked 
| 203|0x0000000710d00000, 0x0000000710d00000, 0x0000000710e00000|  0%| F|  |TAMS 0x0000000710d00000, 0x0000000710d00000| Untracked 
| 204|0x0000000710e00000, 0x0000000710e00000, 0x0000000710f00000|  0%| F|  |TAMS 0x0000000710e00000, 0x0000000710e00000| Untracked 
| 205|0x0000000710f00000, 0x0000000710f00000, 0x0000000711000000|  0%| F|  |TAMS 0x0000000710f00000, 0x0000000710f00000| Untracked 
| 206|0x0000000711000000, 0x0000000711000000, 0x0000000711100000|  0%| F|  |TAMS 0x0000000711000000, 0x0000000711000000| Untracked 
| 207|0x0000000711100000, 0x0000000711100000, 0x0000000711200000|  0%| F|  |TAMS 0x0000000711100000, 0x0000000711100000| Untracked 
| 208|0x0000000711200000, 0x0000000711200000, 0x0000000711300000|  0%| F|  |TAMS 0x0000000711200000, 0x0000000711200000| Untracked 
| 209|0x0000000711300000, 0x0000000711300000, 0x0000000711400000|  0%| F|  |TAMS 0x0000000711300000, 0x0000000711300000| Untracked 
| 210|0x0000000711400000, 0x0000000711400000, 0x0000000711500000|  0%| F|  |TAMS 0x0000000711400000, 0x0000000711400000| Untracked 
| 211|0x0000000711500000, 0x0000000711500000, 0x0000000711600000|  0%| F|  |TAMS 0x0000000711500000, 0x0000000711500000| Untracked 
| 212|0x0000000711600000, 0x0000000711600000, 0x0000000711700000|  0%| F|  |TAMS 0x0000000711600000, 0x0000000711600000| Untracked 
| 213|0x0000000711700000, 0x0000000711700000, 0x0000000711800000|  0%| F|  |TAMS 0x0000000711700000, 0x0000000711700000| Untracked 
| 214|0x0000000711800000, 0x0000000711800000, 0x0000000711900000|  0%| F|  |TAMS 0x0000000711800000, 0x0000000711800000| Untracked 
| 215|0x0000000711900000, 0x0000000711900000, 0x0000000711a00000|  0%| F|  |TAMS 0x0000000711900000, 0x0000000711900000| Untracked 
| 216|0x0000000711a00000, 0x0000000711a00000, 0x0000000711b00000|  0%| F|  |TAMS 0x0000000711a00000, 0x0000000711a00000| Untracked 
| 217|0x0000000711b00000, 0x0000000711b00000, 0x0000000711c00000|  0%| F|  |TAMS 0x0000000711b00000, 0x0000000711b00000| Untracked 
| 218|0x0000000711c00000, 0x0000000711c00000, 0x0000000711d00000|  0%| F|  |TAMS 0x0000000711c00000, 0x0000000711c00000| Untracked 
| 219|0x0000000711d00000, 0x0000000711d00000, 0x0000000711e00000|  0%| F|  |TAMS 0x0000000711d00000, 0x0000000711d00000| Untracked 
| 220|0x0000000711e00000, 0x0000000711e00000, 0x0000000711f00000|  0%| F|  |TAMS 0x0000000711e00000, 0x0000000711e00000| Untracked 
| 221|0x0000000711f00000, 0x0000000711f00000, 0x0000000712000000|  0%| F|  |TAMS 0x0000000711f00000, 0x0000000711f00000| Untracked 
| 222|0x0000000712000000, 0x0000000712000000, 0x0000000712100000|  0%| F|  |TAMS 0x0000000712000000, 0x0000000712000000| Untracked 
| 223|0x0000000712100000, 0x0000000712100000, 0x0000000712200000|  0%| F|  |TAMS 0x0000000712100000, 0x0000000712100000| Untracked 
| 224|0x0000000712200000, 0x0000000712200000, 0x0000000712300000|  0%| F|  |TAMS 0x0000000712200000, 0x0000000712200000| Untracked 
| 225|0x0000000712300000, 0x0000000712300000, 0x0000000712400000|  0%| F|  |TAMS 0x0000000712300000, 0x0000000712300000| Untracked 
| 226|0x0000000712400000, 0x0000000712400000, 0x0000000712500000|  0%| F|  |TAMS 0x0000000712400000, 0x0000000712400000| Untracked 
| 227|0x0000000712500000, 0x0000000712500000, 0x0000000712600000|  0%| F|  |TAMS 0x0000000712500000, 0x0000000712500000| Untracked 
| 228|0x0000000712600000, 0x0000000712600000, 0x0000000712700000|  0%| F|  |TAMS 0x0000000712600000, 0x0000000712600000| Untracked 
| 229|0x0000000712700000, 0x0000000712700000, 0x0000000712800000|  0%| F|  |TAMS 0x0000000712700000, 0x0000000712700000| Untracked 
| 230|0x0000000712800000, 0x0000000712800000, 0x0000000712900000|  0%| F|  |TAMS 0x0000000712800000, 0x0000000712800000| Untracked 
| 231|0x0000000712900000, 0x0000000712900000, 0x0000000712a00000|  0%| F|  |TAMS 0x0000000712900000, 0x0000000712900000| Untracked 
| 232|0x0000000712a00000, 0x0000000712a00000, 0x0000000712b00000|  0%| F|  |TAMS 0x0000000712a00000, 0x0000000712a00000| Untracked 
| 233|0x0000000712b00000, 0x0000000712b00000, 0x0000000712c00000|  0%| F|  |TAMS 0x0000000712b00000, 0x0000000712b00000| Untracked 
| 234|0x0000000712c00000, 0x0000000712c00000, 0x0000000712d00000|  0%| F|  |TAMS 0x0000000712c00000, 0x0000000712c00000| Untracked 
| 235|0x0000000712d00000, 0x0000000712d00000, 0x0000000712e00000|  0%| F|  |TAMS 0x0000000712d00000, 0x0000000712d00000| Untracked 
| 236|0x0000000712e00000, 0x0000000712e00000, 0x0000000712f00000|  0%| F|  |TAMS 0x0000000712e00000, 0x0000000712e00000| Untracked 
| 237|0x0000000712f00000, 0x0000000712f00000, 0x0000000713000000|  0%| F|  |TAMS 0x0000000712f00000, 0x0000000712f00000| Untracked 
| 238|0x0000000713000000, 0x0000000713000000, 0x0000000713100000|  0%| F|  |TAMS 0x0000000713000000, 0x0000000713000000| Untracked 
| 239|0x0000000713100000, 0x0000000713100000, 0x0000000713200000|  0%| F|  |TAMS 0x0000000713100000, 0x0000000713100000| Untracked 
| 240|0x0000000713200000, 0x0000000713200000, 0x0000000713300000|  0%| F|  |TAMS 0x0000000713200000, 0x0000000713200000| Untracked 
| 241|0x0000000713300000, 0x0000000713300000, 0x0000000713400000|  0%| F|  |TAMS 0x0000000713300000, 0x0000000713300000| Untracked 
| 242|0x0000000713400000, 0x0000000713400000, 0x0000000713500000|  0%| F|  |TAMS 0x0000000713400000, 0x0000000713400000| Untracked 
| 243|0x0000000713500000, 0x0000000713500000, 0x0000000713600000|  0%| F|  |TAMS 0x0000000713500000, 0x0000000713500000| Untracked 
| 244|0x0000000713600000, 0x0000000713600000, 0x0000000713700000|  0%| F|  |TAMS 0x0000000713600000, 0x0000000713600000| Untracked 
| 245|0x0000000713700000, 0x0000000713700000, 0x0000000713800000|  0%| F|  |TAMS 0x0000000713700000, 0x0000000713700000| Untracked 
| 246|0x0000000713800000, 0x0000000713800000, 0x0000000713900000|  0%| F|  |TAMS 0x0000000713800000, 0x0000000713800000| Untracked 
| 247|0x0000000713900000, 0x0000000713900000, 0x0000000713a00000|  0%| F|  |TAMS 0x0000000713900000, 0x0000000713900000| Untracked 
| 248|0x0000000713a00000, 0x0000000713a00000, 0x0000000713b00000|  0%| F|  |TAMS 0x0000000713a00000, 0x0000000713a00000| Untracked 
| 249|0x0000000713b00000, 0x0000000713b00000, 0x0000000713c00000|  0%| F|  |TAMS 0x0000000713b00000, 0x0000000713b00000| Untracked 
| 250|0x0000000713c00000, 0x0000000713c00000, 0x0000000713d00000|  0%| F|  |TAMS 0x0000000713c00000, 0x0000000713c00000| Untracked 
| 251|0x0000000713d00000, 0x0000000713d00000, 0x0000000713e00000|  0%| F|  |TAMS 0x0000000713d00000, 0x0000000713d00000| Untracked 

Card table byte_map: [0x000001a87aa30000,0x000001a87b210000] _byte_map_base: 0x000001a87720f000

Marking Bits (Prev, Next): (CMBitMap*) 0x000001a860999360, (CMBitMap*) 0x000001a860999328
 Prev Bits: [0x000001a800000000, 0x000001a803ef8000)
 Next Bits: [0x000001a87b9f0000, 0x000001a87f8e8000)

Polling page: 0x000001a8607d0000

Metaspace:

Usage:
  Non-class:     29.06 MB capacity,    28.51 MB ( 98%) used,   454.73 KB (  2%) free+waste,   109.75 KB ( <1%) overhead. 
      Class:      3.88 MB capacity,     3.52 MB ( 91%) used,   325.10 KB (  8%) free+waste,    49.38 KB (  1%) overhead. 
       Both:     32.94 MB capacity,    32.02 MB ( 97%) used,   779.84 KB (  2%) free+waste,   159.13 KB ( <1%) overhead. 

Virtual space:
  Non-class space:       30.00 MB reserved,      29.17 MB ( 97%) committed 
      Class space:        1.00 GB reserved,       4.00 MB ( <1%) committed 
             Both:        1.03 GB reserved,      33.17 MB (  3%) committed 

Chunk freelists:
   Non-Class:  50.00 KB
       Class:  0 bytes
        Both:  50.00 KB

MaxMetaspaceSize: 17179869184.00 GB
CompressedClassSpaceSize: 1.00 GB

CodeHeap 'non-profiled nmethods': size=120000Kb used=3387Kb max_used=3387Kb free=116612Kb
 bounds [0x000001a8722c0000, 0x000001a872610000, 0x000001a8797f0000]
CodeHeap 'profiled nmethods': size=120000Kb used=12619Kb max_used=12619Kb free=107380Kb
 bounds [0x000001a86ad90000, 0x000001a86b9f0000, 0x000001a8722c0000]
CodeHeap 'non-nmethods': size=5760Kb used=1148Kb max_used=1224Kb free=4611Kb
 bounds [0x000001a86a7f0000, 0x000001a86aa60000, 0x000001a86ad90000]
 total_blobs=5693 nmethods=5237 adapters=367
 compilation: enabled
              stopped_count=0, restarted_count=0
 full_count=0

Compilation events (20 events):
Event: 6.507 Thread 0x000001a80642e000 5283       2       org.springframework.core.convert.TypeDescriptor::getObjectType (8 bytes)
Event: 6.508 Thread 0x000001a80642e000 nmethod 5283 0x000001a86b9e2a10 code [0x000001a86b9e2bc0, 0x000001a86b9e2cc8]
Event: 6.510 Thread 0x000001a807d6d000 nmethod 5253 0x000001a8725fde90 code [0x000001a8725fe040, 0x000001a8725fe418]
Event: 6.510 Thread 0x000001a807d6d000 5248       4       org.springframework.core.annotation.AnnotationTypeMappings::get (14 bytes)
Event: 6.513 Thread 0x000001a807d6d000 nmethod 5248 0x000001a8725fe610 code [0x000001a8725fe7c0, 0x000001a8725fe918]
Event: 6.513 Thread 0x000001a807d6d000 5041       4       java.util.TreeMap$PrivateEntryIterator::hasNext (13 bytes)
Event: 6.514 Thread 0x000001a807d6d000 nmethod 5041 0x000001a8725fea90 code [0x000001a8725fec20, 0x000001a8725fec98]
Event: 6.514 Thread 0x000001a807d6d000 4986       4       java.lang.ThreadLocal::get (38 bytes)
Event: 6.519 Thread 0x000001a80642b800 nmethod 5178 0x000001a8725fed10 code [0x000001a8725ff4c0, 0x000001a872608458]
Event: 6.519 Thread 0x000001a80642b800 4987       4       java.lang.ThreadLocal$ThreadLocalMap::getEntry (42 bytes)
Event: 6.521 Thread 0x000001a807d6d000 nmethod 4986 0x000001a87260d310 code [0x000001a87260d4e0, 0x000001a87260d868]
Event: 6.521 Thread 0x000001a807d6d000 4996       4       org.springframework.core.annotation.TypeMappedAnnotation::getTypeForMapOptions (57 bytes)
Event: 6.522 Thread 0x000001a80642b800 nmethod 4987 0x000001a87260db90 code [0x000001a87260dd40, 0x000001a87260dfd8]
Event: 6.522 Thread 0x000001a80642b800 5175       4       java.lang.Class::getDeclaredAnnotations (11 bytes)
Event: 6.523 Thread 0x000001a807d6d000 nmethod 4996 0x000001a87260e190 code [0x000001a87260e340, 0x000001a87260e4b8]
Event: 6.523 Thread 0x000001a807d6d000 5121       4       org.springframework.core.annotation.TypeMappedAnnotations$MergedAnnotationFinder::doWithAggregate (7 bytes)
Event: 6.523 Thread 0x000001a807d6d000 nmethod 5121 0x000001a87260e610 code [0x000001a87260e7a0, 0x000001a87260e818]
Event: 6.523 Thread 0x000001a807d6d000 5173       4       java.util.TreeMap$PrivateEntryIterator::nextEntry (54 bytes)
Event: 6.526 Thread 0x000001a807d6d000 nmethod 5173 0x000001a87260e890 code [0x000001a87260ea20, 0x000001a87260ecf8]
Event: 6.526 Thread 0x000001a807d6d000 5284       4       java.util.stream.AbstractPipeline::wrapSink (37 bytes)

GC Heap History (19 events):
Event: 0.797 GC heap before
{Heap before GC invocations=0 (full 0):
 garbage-first heap   total 258048K, used 23552K [0x0000000704200000, 0x0000000800000000)
  region size 1024K, 24 young (24576K), 0 survivors (0K)
 Metaspace       used 12021K, capacity 12227K, committed 12288K, reserved 1060864K
  class space    used 1167K, capacity 1247K, committed 1280K, reserved 1048576K
}
Event: 0.801 GC heap after
{Heap after GC invocations=1 (full 0):
 garbage-first heap   total 258048K, used 5263K [0x0000000704200000, 0x0000000800000000)
  region size 1024K, 3 young (3072K), 3 survivors (3072K)
 Metaspace       used 12021K, capacity 12227K, committed 12288K, reserved 1060864K
  class space    used 1167K, capacity 1247K, committed 1280K, reserved 1048576K
}
Event: 1.172 GC heap before
{Heap before GC invocations=1 (full 0):
 garbage-first heap   total 258048K, used 25743K [0x0000000704200000, 0x0000000800000000)
  region size 1024K, 23 young (23552K), 3 survivors (3072K)
 Metaspace       used 15887K, capacity 16174K, committed 16384K, reserved 1064960K
  class space    used 1658K, capacity 1773K, committed 1792K, reserved 1048576K
}
Event: 1.175 GC heap after
{Heap after GC invocations=2 (full 0):
 garbage-first heap   total 258048K, used 6575K [0x0000000704200000, 0x0000000800000000)
  region size 1024K, 2 young (2048K), 2 survivors (2048K)
 Metaspace       used 15887K, capacity 16174K, committed 16384K, reserved 1064960K
  class space    used 1658K, capacity 1773K, committed 1792K, reserved 1048576K
}
Event: 1.424 GC heap before
{Heap before GC invocations=2 (full 0):
 garbage-first heap   total 258048K, used 25007K [0x0000000704200000, 0x0000000800000000)
  region size 1024K, 21 young (21504K), 2 survivors (2048K)
 Metaspace       used 20727K, capacity 21146K, committed 21296K, reserved 1069056K
  class space    used 2180K, capacity 2378K, committed 2432K, reserved 1048576K
}
Event: 1.428 GC heap after
{Heap after GC invocations=3 (full 0):
 garbage-first heap   total 258048K, used 7427K [0x0000000704200000, 0x0000000800000000)
  region size 1024K, 2 young (2048K), 2 survivors (2048K)
 Metaspace       used 20727K, capacity 21146K, committed 21296K, reserved 1069056K
  class space    used 2180K, capacity 2378K, committed 2432K, reserved 1048576K
}
Event: 2.113 GC heap before
{Heap before GC invocations=4 (full 0):
 garbage-first heap   total 258048K, used 95491K [0x0000000704200000, 0x0000000800000000)
  region size 1024K, 88 young (90112K), 2 survivors (2048K)
 Metaspace       used 28470K, capacity 29186K, committed 29360K, reserved 1075200K
  class space    used 3249K, capacity 3523K, committed 3584K, reserved 1048576K
}
Event: 2.116 GC heap after
{Heap after GC invocations=5 (full 0):
 garbage-first heap   total 258048K, used 9492K [0x0000000704200000, 0x0000000800000000)
  region size 1024K, 4 young (4096K), 4 survivors (4096K)
 Metaspace       used 28470K, capacity 29186K, committed 29360K, reserved 1075200K
  class space    used 3249K, capacity 3523K, committed 3584K, reserved 1048576K
}
Event: 3.075 GC heap before
{Heap before GC invocations=5 (full 0):
 garbage-first heap   total 258048K, used 132372K [0x0000000704200000, 0x0000000800000000)
  region size 1024K, 124 young (126976K), 4 survivors (4096K)
 Metaspace       used 31448K, capacity 32339K, committed 32560K, reserved 1077248K
  class space    used 3567K, capacity 3916K, committed 3968K, reserved 1048576K
}
Event: 3.080 GC heap after
{Heap after GC invocations=6 (full 0):
 garbage-first heap   total 258048K, used 11935K [0x0000000704200000, 0x0000000800000000)
  region size 1024K, 7 young (7168K), 7 survivors (7168K)
 Metaspace       used 31448K, capacity 32339K, committed 32560K, reserved 1077248K
  class space    used 3567K, capacity 3916K, committed 3968K, reserved 1048576K
}
Event: 3.682 GC heap before
{Heap before GC invocations=6 (full 0):
 garbage-first heap   total 258048K, used 157343K [0x0000000704200000, 0x0000000800000000)
  region size 1024K, 149 young (152576K), 7 survivors (7168K)
 Metaspace       used 31920K, capacity 32788K, committed 32816K, reserved 1079296K
  class space    used 3583K, capacity 3945K, committed 3968K, reserved 1048576K
}
Event: 3.687 GC heap after
{Heap after GC invocations=7 (full 0):
 garbage-first heap   total 258048K, used 12323K [0x0000000704200000, 0x0000000800000000)
  region size 1024K, 7 young (7168K), 7 survivors (7168K)
 Metaspace       used 31920K, capacity 32788K, committed 32816K, reserved 1079296K
  class space    used 3583K, capacity 3945K, committed 3968K, reserved 1048576K
}
Event: 4.293 GC heap before
{Heap before GC invocations=7 (full 0):
 garbage-first heap   total 258048K, used 159779K [0x0000000704200000, 0x0000000800000000)
  region size 1024K, 151 young (154624K), 7 survivors (7168K)
 Metaspace       used 32307K, capacity 33215K, committed 33328K, reserved 1079296K
  class space    used 3587K, capacity 3951K, committed 3968K, reserved 1048576K
}
Event: 4.304 GC heap after
{Heap after GC invocations=8 (full 0):
 garbage-first heap   total 258048K, used 12204K [0x0000000704200000, 0x0000000800000000)
  region size 1024K, 7 young (7168K), 7 survivors (7168K)
 Metaspace       used 32307K, capacity 33215K, committed 33328K, reserved 1079296K
  class space    used 3587K, capacity 3951K, committed 3968K, reserved 1048576K
}
Event: 5.210 GC heap before
{Heap before GC invocations=8 (full 0):
 garbage-first heap   total 258048K, used 159660K [0x0000000704200000, 0x0000000800000000)
  region size 1024K, 151 young (154624K), 7 survivors (7168K)
 Metaspace       used 32561K, capacity 33522K, committed 33712K, reserved 1079296K
  class space    used 3599K, capacity 3974K, committed 4096K, reserved 1048576K
}
Event: 5.215 GC heap after
{Heap after GC invocations=9 (full 0):
 garbage-first heap   total 258048K, used 11429K [0x0000000704200000, 0x0000000800000000)
  region size 1024K, 6 young (6144K), 6 survivors (6144K)
 Metaspace       used 32561K, capacity 33522K, committed 33712K, reserved 1079296K
  class space    used 3599K, capacity 3974K, committed 4096K, reserved 1048576K
}
Event: 5.897 GC heap before
{Heap before GC invocations=9 (full 0):
 garbage-first heap   total 258048K, used 159909K [0x0000000704200000, 0x0000000800000000)
  region size 1024K, 151 young (154624K), 6 survivors (6144K)
 Metaspace       used 32729K, capacity 33663K, committed 33968K, reserved 1079296K
  class space    used 3599K, capacity 3974K, committed 4096K, reserved 1048576K
}
Event: 5.903 GC heap after
{Heap after GC invocations=10 (full 0):
 garbage-first heap   total 258048K, used 12153K [0x0000000704200000, 0x0000000800000000)
  region size 1024K, 7 young (7168K), 7 survivors (7168K)
 Metaspace       used 32729K, capacity 33663K, committed 33968K, reserved 1079296K
  class space    used 3599K, capacity 3974K, committed 4096K, reserved 1048576K
}
Event: 6.527 GC heap before
{Heap before GC invocations=10 (full 0):
 garbage-first heap   total 258048K, used 159609K [0x0000000704200000, 0x0000000800000000)
  region size 1024K, 151 young (154624K), 7 survivors (7168K)
 Metaspace       used 32793K, capacity 33732K, committed 33968K, reserved 1079296K
  class space    used 3599K, capacity 3974K, committed 4096K, reserved 1048576K
}

Deoptimization events (20 events):
Event: 5.785 Thread 0x000001a860936000 DEOPT PACKING pc=0x000001a8725bac40 sp=0x0000005d1d4fd6f0
Event: 5.785 Thread 0x000001a860936000 DEOPT UNPACKING pc=0x000001a86a7f83af sp=0x0000005d1d4fd6a0 mode 2
Event: 5.785 Thread 0x000001a860936000 Uncommon trap: trap_request=0xffffffd6 fr.pc=0x000001a8725bac40 relative=0x0000000000000660
Event: 5.785 Thread 0x000001a860936000 Uncommon trap: reason=array_check action=maybe_recompile pc=0x000001a8725bac40 method=java.util.concurrent.ConcurrentHashMap$CollectionView.toArray([Ljava/lang/Object;)[Ljava/lang/Object; @ 158 c2
Event: 5.785 Thread 0x000001a860936000 DEOPT PACKING pc=0x000001a8725bac40 sp=0x0000005d1d4fd3d0
Event: 5.785 Thread 0x000001a860936000 DEOPT UNPACKING pc=0x000001a86a7f83af sp=0x0000005d1d4fd380 mode 2
Event: 5.786 Thread 0x000001a860936000 Uncommon trap: trap_request=0xffffffd6 fr.pc=0x000001a8725bac40 relative=0x0000000000000660
Event: 5.786 Thread 0x000001a860936000 Uncommon trap: reason=array_check action=maybe_recompile pc=0x000001a8725bac40 method=java.util.concurrent.ConcurrentHashMap$CollectionView.toArray([Ljava/lang/Object;)[Ljava/lang/Object; @ 158 c2
Event: 5.786 Thread 0x000001a860936000 DEOPT PACKING pc=0x000001a8725bac40 sp=0x0000005d1d4fd1a0
Event: 5.786 Thread 0x000001a860936000 DEOPT UNPACKING pc=0x000001a86a7f83af sp=0x0000005d1d4fd150 mode 2
Event: 5.850 Thread 0x000001a860936000 DEOPT PACKING pc=0x000001a86b1d47ce sp=0x0000005d1d4fd400
Event: 5.850 Thread 0x000001a860936000 DEOPT UNPACKING pc=0x000001a86a81915e sp=0x0000005d1d4fc920 mode 0
Event: 5.882 Thread 0x000001a860936000 Uncommon trap: trap_request=0xffffffdc fr.pc=0x000001a8725c7684 relative=0x0000000000000244
Event: 5.882 Thread 0x000001a860936000 Uncommon trap: reason=class_check action=make_not_entrant pc=0x000001a8725c7684 method=java.util.ArrayList.toArray([Ljava/lang/Object;)[Ljava/lang/Object; @ 21 c2
Event: 5.882 Thread 0x000001a860936000 DEOPT PACKING pc=0x000001a8725c7684 sp=0x0000005d1d4fcf10
Event: 5.882 Thread 0x000001a860936000 DEOPT UNPACKING pc=0x000001a86a7f83af sp=0x0000005d1d4fced0 mode 2
Event: 6.030 Thread 0x000001a860936000 DEOPT PACKING pc=0x000001a86b1d47ce sp=0x0000005d1d4fcef0
Event: 6.030 Thread 0x000001a860936000 DEOPT UNPACKING pc=0x000001a86a81915e sp=0x0000005d1d4fc410 mode 0
Event: 6.280 Thread 0x000001a860936000 DEOPT PACKING pc=0x000001a86b9ae3b5 sp=0x0000005d1d4f9230
Event: 6.280 Thread 0x000001a860936000 DEOPT UNPACKING pc=0x000001a86a81915e sp=0x0000005d1d4f8718 mode 0

Classes redefined (0 events):
No events

Internal exceptions (20 events):
Event: 6.375 Thread 0x000001a860936000 Exception <a 'java/lang/ClassNotFoundException'{0x000000070d3b70e0}: org/springframework/beans/factory/BeanNameAwareCustomizer> (0x000000070d3b70e0) thrown at [./src/hotspot/share/classfile/systemDictionary.cpp, line 231]
Event: 6.375 Thread 0x000001a860936000 Exception <a 'java/lang/ClassNotFoundException'{0x000000070d3c3500}: org/springframework/beans/factory/AwareCustomizer> (0x000000070d3c3500) thrown at [./src/hotspot/share/classfile/systemDictionary.cpp, line 231]
Event: 6.375 Thread 0x000001a860936000 Exception <a 'java/lang/ClassNotFoundException'{0x000000070d3d0120}: org/springframework/web/context/ServletContextAwareCustomizer> (0x000000070d3d0120) thrown at [./src/hotspot/share/classfile/systemDictionary.cpp, line 231]
Event: 6.375 Thread 0x000001a860936000 Exception <a 'java/lang/ClassNotFoundException'{0x000000070d3dc598}: org/springframework/beans/factory/AwareCustomizer> (0x000000070d3dc598) thrown at [./src/hotspot/share/classfile/systemDictionary.cpp, line 231]
Event: 6.376 Thread 0x000001a860936000 Exception <a 'java/lang/ClassNotFoundException'{0x000000070d3e91b8}: org/springframework/context/ApplicationContextAwareCustomizer> (0x000000070d3e91b8) thrown at [./src/hotspot/share/classfile/systemDictionary.cpp, line 231]
Event: 6.376 Thread 0x000001a860936000 Exception <a 'java/lang/ClassNotFoundException'{0x000000070d3f5b50}: org/springframework/beans/factory/AwareCustomizer> (0x000000070d3f5b50) thrown at [./src/hotspot/share/classfile/systemDictionary.cpp, line 231]
Event: 6.416 Thread 0x000001a860936000 Exception <a 'java/lang/NoClassDefFoundError'{0x000000070cf30158}: javax/validation/ValidationException> (0x000000070cf30158) thrown at [./src/hotspot/share/classfile/systemDictionary.cpp, line 220]
Event: 6.416 Thread 0x000001a860936000 Exception <a 'java/lang/NoClassDefFoundError'{0x000000070cf36660}: org/springframework/jdbc/CannotGetJdbcConnectionException> (0x000000070cf36660) thrown at [./src/hotspot/share/classfile/systemDictionary.cpp, line 220]
Event: 6.422 Thread 0x000001a860936000 Exception <a 'java/lang/ClassNotFoundException'{0x000000070cff30f0}: java/lang/ObjectCustomizer> (0x000000070cff30f0) thrown at [./src/hotspot/share/classfile/systemDictionary.cpp, line 231]
Event: 6.422 Thread 0x000001a860936000 Exception <a 'java/lang/ClassNotFoundException'{0x000000070ce04fd8}: org/springframework/context/annotation/ConfigurationClassPostProcessorCustomizer> (0x000000070ce04fd8) thrown at [./src/hotspot/share/classfile/systemDictionary.cpp, line 231]
Event: 6.423 Thread 0x000001a860936000 Exception <a 'java/lang/ClassNotFoundException'{0x000000070ce22280}: org/springframework/beans/factory/support/BeanDefinitionRegistryPostProcessorCustomizer> (0x000000070ce22280) thrown at [./src/hotspot/share/classfile/systemDictionary.cpp, line 231]
Event: 6.423 Thread 0x000001a860936000 Exception <a 'java/lang/ClassNotFoundException'{0x000000070ce315d8}: org/springframework/beans/factory/config/BeanFactoryPostProcessorCustomizer> (0x000000070ce315d8) thrown at [./src/hotspot/share/classfile/systemDictionary.cpp, line 231]
Event: 6.423 Thread 0x000001a860936000 Exception <a 'java/lang/ClassNotFoundException'{0x000000070ce3daf8}: org/springframework/core/PriorityOrderedCustomizer> (0x000000070ce3daf8) thrown at [./src/hotspot/share/classfile/systemDictionary.cpp, line 231]
Event: 6.423 Thread 0x000001a860936000 Exception <a 'java/lang/ClassNotFoundException'{0x000000070ce48ad0}: org/springframework/core/OrderedCustomizer> (0x000000070ce48ad0) thrown at [./src/hotspot/share/classfile/systemDictionary.cpp, line 231]
Event: 6.424 Thread 0x000001a860936000 Exception <a 'java/lang/ClassNotFoundException'{0x000000070ce558f8}: org/springframework/context/ResourceLoaderAwareCustomizer> (0x000000070ce558f8) thrown at [./src/hotspot/share/classfile/systemDictionary.cpp, line 231]
Event: 6.424 Thread 0x000001a860936000 Exception <a 'java/lang/ClassNotFoundException'{0x000000070ce61fe0}: org/springframework/beans/factory/AwareCustomizer> (0x000000070ce61fe0) thrown at [./src/hotspot/share/classfile/systemDictionary.cpp, line 231]
Event: 6.424 Thread 0x000001a860936000 Exception <a 'java/lang/ClassNotFoundException'{0x000000070ce6eef8}: org/springframework/beans/factory/BeanClassLoaderAwareCustomizer> (0x000000070ce6eef8) thrown at [./src/hotspot/share/classfile/systemDictionary.cpp, line 231]
Event: 6.424 Thread 0x000001a860936000 Exception <a 'java/lang/ClassNotFoundException'{0x000000070ce7b638}: org/springframework/beans/factory/AwareCustomizer> (0x000000070ce7b638) thrown at [./src/hotspot/share/classfile/systemDictionary.cpp, line 231]
Event: 6.424 Thread 0x000001a860936000 Exception <a 'java/lang/ClassNotFoundException'{0x000000070ce879e0}: org/springframework/context/EnvironmentAwareCustomizer> (0x000000070ce879e0) thrown at [./src/hotspot/share/classfile/systemDictionary.cpp, line 231]
Event: 6.424 Thread 0x000001a860936000 Exception <a 'java/lang/ClassNotFoundException'{0x000000070ce94098}: org/springframework/beans/factory/AwareCustomizer> (0x000000070ce94098) thrown at [./src/hotspot/share/classfile/systemDictionary.cpp, line 231]

Events (20 events):
Event: 6.524 Thread 0x000001a806d26800 Thread added: 0x000001a806d26800
Event: 6.524 Thread 0x000001a806d26800 Thread exited: 0x000001a806d26800
Event: 6.524 Thread 0x000001a806d28000 Thread added: 0x000001a806d28000
Event: 6.524 Thread 0x000001a806d28000 Thread exited: 0x000001a806d28000
Event: 6.524 Thread 0x000001a806d24000 Thread added: 0x000001a806d24000
Event: 6.524 Thread 0x000001a806d24000 Thread exited: 0x000001a806d24000
Event: 6.524 Thread 0x000001a806d26800 Thread added: 0x000001a806d26800
Event: 6.524 Thread 0x000001a806d26800 Thread exited: 0x000001a806d26800
Event: 6.524 Thread 0x000001a806d27800 Thread added: 0x000001a806d27800
Event: 6.524 Thread 0x000001a806d27800 Thread exited: 0x000001a806d27800
Event: 6.525 loading class org/springframework/web/reactive/HandlerResult
Event: 6.525 loading class org/springframework/web/reactive/HandlerResult done
Event: 6.526 Thread 0x000001a806d24000 Thread added: 0x000001a806d24000
Event: 6.526 Thread 0x000001a806d24000 Thread exited: 0x000001a806d24000
Event: 6.526 Thread 0x000001a806d25000 Thread added: 0x000001a806d25000
Event: 6.526 Thread 0x000001a806d25000 Thread exited: 0x000001a806d25000
Event: 6.526 Thread 0x000001a806d26800 Thread added: 0x000001a806d26800
Event: 6.526 Thread 0x000001a806d26800 Thread exited: 0x000001a806d26800
Event: 6.527 Thread 0x000001a806d24000 Thread added: 0x000001a806d24000
Event: 6.527 Executing VM operation: G1CollectForAllocation


Dynamic libraries:
0x00007ff72e0e0000 - 0x00007ff72e0ed000 	C:\Program Files\OpenJDK\jdk-11.0.10+9\bin\java.exe
0x00007ffe81910000 - 0x00007ffe81b05000 	C:\WINDOWS\SYSTEM32\ntdll.dll
0x00007ffe81450000 - 0x00007ffe8150e000 	C:\WINDOWS\System32\KERNEL32.DLL
0x00007ffe7f380000 - 0x00007ffe7f649000 	C:\WINDOWS\System32\KERNELBASE.dll
0x00007ffe7f170000 - 0x00007ffe7f270000 	C:\WINDOWS\System32\ucrtbase.dll
0x00007ffe5f7d0000 - 0x00007ffe5f7e7000 	C:\Program Files\OpenJDK\jdk-11.0.10+9\bin\jli.dll
0x00007ffe5f7f0000 - 0x00007ffe5f805000 	C:\Program Files\OpenJDK\jdk-11.0.10+9\bin\VCRUNTIME140.dll
0x00007ffe7f960000 - 0x00007ffe7fb01000 	C:\WINDOWS\System32\USER32.dll
0x00007ffe7f6e0000 - 0x00007ffe7f702000 	C:\WINDOWS\System32\win32u.dll
0x00007ffe5ad50000 - 0x00007ffe5afea000 	C:\WINDOWS\WinSxS\amd64_microsoft.windows.common-controls_6595b64144ccf1df_6.0.19041.1110_none_60b5254171f9507e\COMCTL32.dll
0x00007ffe816b0000 - 0x00007ffe816db000 	C:\WINDOWS\System32\GDI32.dll
0x00007ffe816e0000 - 0x00007ffe8177e000 	C:\WINDOWS\System32\msvcrt.dll
0x00007ffe7f270000 - 0x00007ffe7f37b000 	C:\WINDOWS\System32\gdi32full.dll
0x00007ffe7f870000 - 0x00007ffe7f90d000 	C:\WINDOWS\System32\msvcp_win.dll
0x00007ffe80810000 - 0x00007ffe80840000 	C:\WINDOWS\System32\IMM32.DLL
0x00007ffe57990000 - 0x00007ffe57a2b000 	C:\Program Files\OpenJDK\jdk-11.0.10+9\bin\msvcp140.dll
0x00007ffe32fc0000 - 0x00007ffe33b03000 	C:\Program Files\OpenJDK\jdk-11.0.10+9\bin\server\jvm.dll
0x00007ffe80bc0000 - 0x00007ffe80c6c000 	C:\WINDOWS\System32\ADVAPI32.dll
0x00007ffe81830000 - 0x00007ffe818cb000 	C:\WINDOWS\System32\sechost.dll
0x00007ffe81580000 - 0x00007ffe816aa000 	C:\WINDOWS\System32\RPCRT4.dll
0x00007ffe80920000 - 0x00007ffe80928000 	C:\WINDOWS\System32\PSAPI.DLL
0x00007ffe6ad90000 - 0x00007ffe6ad99000 	C:\WINDOWS\SYSTEM32\WSOCK32.dll
0x00007ffe80e20000 - 0x00007ffe80e8b000 	C:\WINDOWS\System32\WS2_32.dll
0x00007ffe66620000 - 0x00007ffe66647000 	C:\WINDOWS\SYSTEM32\WINMM.dll
0x00007ffe737f0000 - 0x00007ffe737fa000 	C:\WINDOWS\SYSTEM32\VERSION.dll
0x00007ffe7d8b0000 - 0x00007ffe7d8c2000 	C:\WINDOWS\SYSTEM32\kernel.appcore.dll
0x00007ffe74500000 - 0x00007ffe74510000 	C:\Program Files\OpenJDK\jdk-11.0.10+9\bin\verify.dll
0x00007ffe7c4e0000 - 0x00007ffe7c6c4000 	C:\WINDOWS\SYSTEM32\DBGHELP.DLL
0x00007ffe73cc0000 - 0x00007ffe73cec000 	C:\WINDOWS\SYSTEM32\dbgcore.DLL
0x00007ffe7f650000 - 0x00007ffe7f6d3000 	C:\WINDOWS\System32\bcryptPrimitives.dll
0x00007ffe57bd0000 - 0x00007ffe57bf8000 	C:\Program Files\OpenJDK\jdk-11.0.10+9\bin\java.dll
0x00007ffe718e0000 - 0x00007ffe718ea000 	C:\Program Files\OpenJDK\jdk-11.0.10+9\bin\jimage.dll
0x00007ffe6c2c0000 - 0x00007ffe6c2ce000 	C:\Program Files\OpenJDK\jdk-11.0.10+9\bin\instrument.dll
0x00007ffe5f7b0000 - 0x00007ffe5f7c7000 	C:\Program Files\OpenJDK\jdk-11.0.10+9\bin\zip.dll
0x00007ffe800d0000 - 0x00007ffe8080f000 	C:\WINDOWS\System32\SHELL32.dll
0x00007ffe7d040000 - 0x00007ffe7d7d0000 	C:\WINDOWS\SYSTEM32\windows.storage.dll
0x00007ffe80e90000 - 0x00007ffe811e5000 	C:\WINDOWS\System32\combase.dll
0x00007ffe7ea80000 - 0x00007ffe7eaac000 	C:\WINDOWS\SYSTEM32\Wldp.dll
0x00007ffe7fb10000 - 0x00007ffe7fbbd000 	C:\WINDOWS\System32\SHCORE.dll
0x00007ffe80840000 - 0x00007ffe80895000 	C:\WINDOWS\System32\shlwapi.dll
0x00007ffe7ef70000 - 0x00007ffe7ef8f000 	C:\WINDOWS\SYSTEM32\profapi.dll
0x00007ffe59d90000 - 0x00007ffe59da9000 	C:\Program Files\OpenJDK\jdk-11.0.10+9\bin\net.dll
0x00007ffe77900000 - 0x00007ffe77a08000 	C:\WINDOWS\SYSTEM32\WINHTTP.dll
0x00007ffe7e7e0000 - 0x00007ffe7e84a000 	C:\WINDOWS\system32\mswsock.dll
0x00007ffe57e10000 - 0x00007ffe57e22000 	C:\Program Files\OpenJDK\jdk-11.0.10+9\bin\nio.dll
0x00007ffe57bb0000 - 0x00007ffe57bca000 	C:\Program Files\JetBrains\IntelliJ IDEA Community Edition 2020.3.2\bin\breakgen64.dll
0x00007ffe60290000 - 0x00007ffe60299000 	C:\Program Files\OpenJDK\jdk-11.0.10+9\bin\management.dll
0x00007ffe5f340000 - 0x00007ffe5f34b000 	C:\Program Files\OpenJDK\jdk-11.0.10+9\bin\management_ext.dll
0x00007ffe46980000 - 0x00007ffe46997000 	C:\WINDOWS\system32\napinsp.dll
0x00007ffe1d580000 - 0x00007ffe1d59b000 	C:\WINDOWS\system32\pnrpnsp.dll
0x00007ffe77c90000 - 0x00007ffe77ca5000 	C:\WINDOWS\system32\wshbth.dll
0x00007ffe77a10000 - 0x00007ffe77a2d000 	C:\WINDOWS\system32\NLAapi.dll
0x00007ffe7e480000 - 0x00007ffe7e4bb000 	C:\WINDOWS\SYSTEM32\IPHLPAPI.DLL
0x00007ffe7e4c0000 - 0x00007ffe7e58c000 	C:\WINDOWS\SYSTEM32\DNSAPI.dll
0x00007ffe81570000 - 0x00007ffe81578000 	C:\WINDOWS\System32\NSI.dll
0x00007ffe1d490000 - 0x00007ffe1d4a2000 	C:\WINDOWS\System32\winrnr.dll
0x00007ffe747b0000 - 0x00007ffe747ba000 	C:\Windows\System32\rasadhlp.dll
0x00007ffe74370000 - 0x00007ffe743ef000 	C:\WINDOWS\System32\fwpuclnt.dll
0x00007ffe7f140000 - 0x00007ffe7f167000 	C:\WINDOWS\System32\bcrypt.dll

dbghelp: loaded successfully - version: 4.0.5 - missing functions: none
symbol engine: initialized successfully - sym options: 0x614 - pdb path: .;C:\Program Files\OpenJDK\jdk-11.0.10+9\bin;C:\WINDOWS\SYSTEM32;C:\WINDOWS\WinSxS\amd64_microsoft.windows.common-controls_6595b64144ccf1df_6.0.19041.1110_none_60b5254171f9507e;C:\Program Files\OpenJDK\jdk-11.0.10+9\bin\server;C:\Program Files\JetBrains\IntelliJ IDEA Community Edition 2020.3.2\bin

VM Arguments:
jvm_args: -ea -Didea.test.cyclic.buffer.size=1048576 -javaagent:C:\Program Files\JetBrains\IntelliJ IDEA Community Edition 2020.3.2\lib\idea_rt.jar=55673:C:\Program Files\JetBrains\IntelliJ IDEA Community Edition 2020.3.2\bin -Dfile.encoding=UTF-8 
java_command: com.intellij.rt.junit.JUnitStarter -ideVersion5 -junit4 com.techelevator.auctions.controller.AuctionControllerTest
java_class_path (initial): C:\Program Files\JetBrains\IntelliJ IDEA Community Edition 2020.3.2\lib\idea_rt.jar;C:\Program Files\JetBrains\IntelliJ IDEA Community Edition 2020.3.2\plugins\junit\lib\junit5-rt.jar;C:\Program Files\JetBrains\IntelliJ IDEA Community Edition 2020.3.2\plugins\junit\lib\junit-rt.jar;C:\Users\Student\workspace\jeffrey-mcluckie\module-2\13_ServerSide_APIs_Part_1\exercise-student\java\target\test-classes;C:\Users\Student\workspace\jeffrey-mcluckie\module-2\13_ServerSide_APIs_Part_1\exercise-student\java\target\classes;C:\Users\Student\.m2\repository\org\springframework\boot\spring-boot-starter-web\2.3.0.RELEASE\spring-boot-starter-web-2.3.0.RELEASE.jar;C:\Users\Student\.m2\repository\org\springframework\boot\spring-boot-starter\2.3.0.RELEASE\spring-boot-starter-2.3.0.RELEASE.jar;C:\Users\Student\.m2\repository\org\springframework\boot\spring-boot-starter-logging\2.3.0.RELEASE\spring-boot-starter-logging-2.3.0.RELEASE.jar;C:\Users\Student\.m2\repository\ch\qos\logback\logback-classic\1.2.3\logback-classic-1.2.3.jar;C:\Users\Student\.m2\repository\ch\qos\logback\logback-core\1.2.3\logback-core-1.2.3.jar;C:\Users\Student\.m2\repository\org\apache\logging\log4j\log4j-to-slf4j\2.13.2\log4j-to-slf4j-2.13.2.jar;C:\Users\Student\.m2\repository\org\apache\logging\log4j\log4j-api\2.13.2\log4j-api-2.13.2.jar;C:\Users\Student\.m2\repository\org\slf4j\jul-to-slf4j\1.7.30\jul-to-slf4j-1.7.30.jar;C:\Users\Student\.m2\repository\jakarta\annotation\jakarta.annotation-api\1.3.5\jakarta.annotation-api-1.3.5.jar;C:\Users\Student\.m2\repository\org\yaml\snakeyaml\1.26\snakeyaml-1.26.jar;C:\Users\Student\.m2\repository\org\springframework\boot\spring-boot-starter-json\2.3.0.RELEASE\spring-boot-starter-json-2.3.0.RELEASE.jar;C:\Users\Student\.m2\repository\com\fasterxml\jackson\core\jackson-databind\2.11.0\jackson-databind-2.11.0.jar;C:\Users\Student\.m2\repository\com\fasterxml\jackson\core\jackson-annotations\2.11.0\jackson-annotations-2.11.0.jar;C:\Users\Studen
Launcher Type: SUN_STANDARD

[Global flags]
     intx CICompilerCount                          = 4                                         {product} {ergonomic}
     uint ConcGCThreads                            = 2                                         {product} {ergonomic}
     uint G1ConcRefinementThreads                  = 8                                         {product} {ergonomic}
   size_t G1HeapRegionSize                         = 1048576                                   {product} {ergonomic}
    uintx GCDrainStackTargetSize                   = 64                                        {product} {ergonomic}
   size_t InitialHeapSize                          = 264241152                                 {product} {ergonomic}
   size_t MarkStackSize                            = 4194304                                   {product} {ergonomic}
   size_t MaxHeapSize                              = 4225761280                                {product} {ergonomic}
   size_t MaxNewSize                               = 2535456768                                {product} {ergonomic}
   size_t MinHeapDeltaBytes                        = 1048576                                   {product} {ergonomic}
    uintx NonNMethodCodeHeapSize                   = 5836300                                {pd product} {ergonomic}
    uintx NonProfiledCodeHeapSize                  = 122910970                              {pd product} {ergonomic}
    uintx ProfiledCodeHeapSize                     = 122910970                              {pd product} {ergonomic}
    uintx ReservedCodeCacheSize                    = 251658240                              {pd product} {ergonomic}
     bool SegmentedCodeCache                       = true                                      {product} {ergonomic}
     bool UseCompressedClassPointers               = true                                 {lp64_product} {ergonomic}
     bool UseCompressedOops                        = true                                 {lp64_product} {ergonomic}
     bool UseG1GC                                  = true                                      {product} {ergonomic}
     bool UseLargePagesIndividualAllocation        = false                                  {pd product} {ergonomic}

Logging:
Log output configuration:
 #0: stdout all=warning uptime,level,tags
 #1: stderr all=off uptime,level,tags

Environment Variables:
JAVA_HOME=C:\Program Files\OpenJDK\jdk-11.0.10+9
PATH=C:\WINDOWS\system32;C:\WINDOWS;C:\WINDOWS\System32\Wbem;C:\WINDOWS\System32\WindowsPowerShell\v1.0\;C:\WINDOWS\System32\OpenSSH\;C:\ProgramData\chocolatey\bin;C:\Program Files\Git\cmd;C:\Program Files\dotnet\;C:\Program Files\Microsoft SQL Server\130\Tools\Binn\;C:\Program Files\Microsoft SQL Server\Client SDK\ODBC\170\Tools\Binn\;C:\Program Files (x86)\Microsoft SQL Server\150\Tools\Binn\;C:\Program Files\Microsoft SQL Server\150\Tools\Binn\;C:\Program Files\Microsoft SQL Server\150\DTS\Binn\;C:\Program Files (x86)\Microsoft SQL Server\150\DTS\Binn\;C:\Program Files\Azure Data Studio\bin;C:\Program Files\OpenJDK\jdk-11.0.10+9\bin;C:\Program Files\PostgreSQL\12\bin;C:\Program Files\Maven\apache-maven-3.6.3\bin;C:\Program Files\ChromeDriver;C:\Program Files\Node\node-v14.15.5-win-x64;;C:\Program Files\Microsoft VS Code\bin;C:\Users\Student\AppData\Local\Microsoft\WindowsApps;C:\Users\Student\.dotnet\tools;C:\Program Files\Azure Data Studio\bin
USERNAME=Student
OS=Windows_NT
PROCESSOR_IDENTIFIER=Intel64 Family 6 Model 140 Stepping 1, GenuineIntel



---------------  S Y S T E M  ---------------

OS: Windows 10 , 64 bit Build 19041 (10.0.19041.1202)
OS uptime: 12 days 5:42 hours

CPU:total 8 (initial active 8) (4 cores per cpu, 2 threads per core) family 6 model 140 stepping 1 microcode 0x86, cmov, cx8, fxsr, mmx, sse, sse2, sse3, ssse3, sse4.1, sse4.2, popcnt, avx, avx2, aes, clmul, erms, 3dnowpref, lzcnt, ht, tsc, tscinvbit, bmi1, bmi2, adx, evex, sha, fma

Memory: 4k page, system-wide physical 16113M (4107M free)
TotalPageFile size 19205M (AvailPageFile size 34M)
current process WorkingSet (physical memory assigned to process): 319M, peak: 340M
current process commit charge ("private bytes"): 450M, peak: 505M

vm_info: OpenJDK 64-Bit Server VM (11.0.10+9) for windows-amd64 JRE (11.0.10+9), built on Jan 20 2021 06:07:07 by "" with MS VC++ 15.9 (VS2017)

END.
